0 verbose cli /home/ubuntu/.nvm/versions/node/v22.13.0/bin/node /home/ubuntu/.nvm/versions/node/v22.13.0/bin/npm
1 info using npm@10.9.2
2 info using node@v22.13.0
3 silly config load:file:/home/ubuntu/.nvm/versions/node/v22.13.0/lib/node_modules/npm/npmrc
4 silly config load:file:/home/ubuntu/.npmrc
5 silly config load:file:/home/ubuntu/.nvm/versions/node/v22.13.0/etc/npmrc
6 verbose title npm install wrangler pnpm yarn
7 verbose argv "install" "--global" "wrangler" "pnpm" "yarn"
8 verbose logfile logs-max:10 dir:/home/ubuntu/.npm/_logs/2025-07-18T05_38_34_497Z-
9 verbose logfile /home/ubuntu/.npm/_logs/2025-07-18T05_38_34_497Z-debug-0.log
10 silly packumentCache heap:4345298944 maxSize:1086324736 maxEntrySize:543162368
11 silly logfile done cleaning log files
12 silly idealTree buildDeps
13 silly fetch manifest wrangler@*
14 silly packumentCache full:https://registry.npmjs.org/wrangler cache-miss
15 http fetch GET 200 https://registry.npmjs.org/npm 89ms
16 http fetch GET 200 https://registry.npmjs.org/wrangler 230ms (cache miss)
17 silly packumentCache full:https://registry.npmjs.org/wrangler set size:undefined disposed:false
18 silly fetch manifest pnpm@*
19 silly packumentCache full:https://registry.npmjs.org/pnpm cache-miss
20 http fetch GET 200 https://registry.npmjs.org/pnpm 71ms (cache miss)
21 silly packumentCache full:https://registry.npmjs.org/pnpm set size:undefined disposed:false
22 silly fetch manifest yarn@*
23 silly packumentCache full:https://registry.npmjs.org/yarn cache-miss
24 http fetch GET 200 https://registry.npmjs.org/yarn 25ms (cache miss)
25 silly packumentCache full:https://registry.npmjs.org/yarn set size:undefined disposed:false
26 silly placeDep ROOT pnpm@10.13.1 OK for:  want: *
27 silly placeDep ROOT wrangler@4.25.0 OK for:  want: *
28 silly placeDep ROOT yarn@1.22.22 OK for:  want: *
29 silly fetch manifest @cloudflare/unenv-preset@2.3.3
30 silly packumentCache full:https://registry.npmjs.org/@cloudflare%2funenv-preset cache-miss
31 silly fetch manifest blake3-wasm@2.1.5
32 silly packumentCache full:https://registry.npmjs.org/blake3-wasm cache-miss
33 silly fetch manifest esbuild@0.25.4
34 silly packumentCache full:https://registry.npmjs.org/esbuild cache-miss
35 silly fetch manifest path-to-regexp@6.3.0
36 silly packumentCache full:https://registry.npmjs.org/path-to-regexp cache-miss
37 silly fetch manifest unenv@2.0.0-rc.17
38 silly packumentCache full:https://registry.npmjs.org/unenv cache-miss
39 silly fetch manifest workerd@1.20250712.0
40 silly packumentCache full:https://registry.npmjs.org/workerd cache-miss
41 silly fetch manifest @cloudflare/kv-asset-handler@0.4.0
42 silly packumentCache full:https://registry.npmjs.org/@cloudflare%2fkv-asset-handler cache-miss
43 silly fetch manifest miniflare@4.20250712.0
44 silly packumentCache full:https://registry.npmjs.org/miniflare cache-miss
45 silly fetch manifest fsevents@~2.3.2
46 silly packumentCache full:https://registry.npmjs.org/fsevents cache-miss
47 http fetch GET 200 https://registry.npmjs.org/blake3-wasm 33ms (cache miss)
48 silly packumentCache full:https://registry.npmjs.org/blake3-wasm set size:undefined disposed:false
49 http fetch GET 200 https://registry.npmjs.org/workerd 70ms (cache miss)
50 silly packumentCache full:https://registry.npmjs.org/workerd set size:undefined disposed:false
51 http fetch GET 200 https://registry.npmjs.org/fsevents 77ms (cache miss)
52 silly packumentCache full:https://registry.npmjs.org/fsevents set size:undefined disposed:false
53 http fetch GET 200 https://registry.npmjs.org/path-to-regexp 80ms (cache miss)
54 silly packumentCache full:https://registry.npmjs.org/path-to-regexp set size:undefined disposed:false
55 http fetch GET 200 https://registry.npmjs.org/@cloudflare%2fkv-asset-handler 82ms (cache miss)
56 silly packumentCache full:https://registry.npmjs.org/@cloudflare%2fkv-asset-handler set size:undefined disposed:false
57 http fetch GET 200 https://registry.npmjs.org/esbuild 93ms (cache miss)
58 silly packumentCache full:https://registry.npmjs.org/esbuild set size:undefined disposed:false
59 http fetch GET 200 https://registry.npmjs.org/@cloudflare%2funenv-preset 111ms (cache miss)
60 silly packumentCache full:https://registry.npmjs.org/@cloudflare%2funenv-preset set size:undefined disposed:false
61 http fetch GET 200 https://registry.npmjs.org/miniflare 140ms (cache miss)
62 silly packumentCache full:https://registry.npmjs.org/miniflare set size:undefined disposed:false
63 http fetch GET 200 https://registry.npmjs.org/unenv 408ms (cache miss)
64 silly packumentCache full:https://registry.npmjs.org/unenv set size:undefined disposed:false
65 silly placeDep node_modules/wrangler @cloudflare/kv-asset-handler@0.4.0 OK for: wrangler@4.25.0 want: 0.4.0
66 silly placeDep node_modules/wrangler @cloudflare/unenv-preset@2.3.3 OK for: wrangler@4.25.0 want: 2.3.3
67 silly placeDep node_modules/wrangler unenv@2.0.0-rc.17 OK for: @cloudflare/unenv-preset@2.3.3 want: 2.0.0-rc.17
68 silly placeDep node_modules/wrangler blake3-wasm@2.1.5 OK for: wrangler@4.25.0 want: 2.1.5
69 silly placeDep node_modules/wrangler esbuild@0.25.4 OK for: wrangler@4.25.0 want: 0.25.4
70 silly placeDep node_modules/wrangler fsevents@2.3.3 OK for: wrangler@4.25.0 want: ~2.3.2
71 silly placeDep node_modules/wrangler miniflare@4.20250712.0 OK for: wrangler@4.25.0 want: 4.20250712.0
72 silly placeDep node_modules/wrangler path-to-regexp@6.3.0 OK for: wrangler@4.25.0 want: 6.3.0
73 silly placeDep node_modules/wrangler workerd@1.20250712.0 OK for: wrangler@4.25.0 want: 1.20250712.0
74 silly fetch manifest mime@^3.0.0
75 silly packumentCache full:https://registry.npmjs.org/mime cache-miss
76 silly fetch manifest ufo@^1.6.1
77 silly packumentCache full:https://registry.npmjs.org/ufo cache-miss
78 silly fetch manifest defu@^6.1.4
79 silly packumentCache full:https://registry.npmjs.org/defu cache-miss
80 silly fetch manifest ohash@^2.0.11
81 silly packumentCache full:https://registry.npmjs.org/ohash cache-miss
82 silly fetch manifest pathe@^2.0.3
83 silly packumentCache full:https://registry.npmjs.org/pathe cache-miss
84 silly fetch manifest exsolve@^1.0.4
85 silly packumentCache full:https://registry.npmjs.org/exsolve cache-miss
86 silly fetch manifest @esbuild/aix-ppc64@0.25.4
87 silly packumentCache full:https://registry.npmjs.org/@esbuild%2faix-ppc64 cache-miss
88 silly fetch manifest @esbuild/linux-arm@0.25.4
89 silly packumentCache full:https://registry.npmjs.org/@esbuild%2flinux-arm cache-miss
90 silly fetch manifest @esbuild/linux-x64@0.25.4
91 silly packumentCache full:https://registry.npmjs.org/@esbuild%2flinux-x64 cache-miss
92 silly fetch manifest @esbuild/sunos-x64@0.25.4
93 silly packumentCache full:https://registry.npmjs.org/@esbuild%2fsunos-x64 cache-miss
94 silly fetch manifest @esbuild/win32-x64@0.25.4
95 silly packumentCache full:https://registry.npmjs.org/@esbuild%2fwin32-x64 cache-miss
96 silly fetch manifest @esbuild/darwin-x64@0.25.4
97 silly packumentCache full:https://registry.npmjs.org/@esbuild%2fdarwin-x64 cache-miss
98 silly fetch manifest @esbuild/linux-ia32@0.25.4
99 silly packumentCache full:https://registry.npmjs.org/@esbuild%2flinux-ia32 cache-miss
100 silly fetch manifest @esbuild/netbsd-x64@0.25.4
101 silly packumentCache full:https://registry.npmjs.org/@esbuild%2fnetbsd-x64 cache-miss
102 silly fetch manifest @esbuild/win32-ia32@0.25.4
103 silly packumentCache full:https://registry.npmjs.org/@esbuild%2fwin32-ia32 cache-miss
104 http fetch GET 200 https://registry.npmjs.org/pathe 34ms (cache miss)
105 silly packumentCache full:https://registry.npmjs.org/pathe set size:undefined disposed:false
106 silly fetch manifest @esbuild/android-arm@0.25.4
107 silly packumentCache full:https://registry.npmjs.org/@esbuild%2fandroid-arm cache-miss
108 http fetch GET 200 https://registry.npmjs.org/mime 36ms (cache miss)
109 silly packumentCache full:https://registry.npmjs.org/mime set size:undefined disposed:false
110 silly fetch manifest @esbuild/android-x64@0.25.4
111 silly packumentCache full:https://registry.npmjs.org/@esbuild%2fandroid-x64 cache-miss
112 http fetch GET 200 https://registry.npmjs.org/exsolve 41ms (cache miss)
113 silly packumentCache full:https://registry.npmjs.org/exsolve set size:undefined disposed:false
114 silly fetch manifest @esbuild/freebsd-x64@0.25.4
115 silly packumentCache full:https://registry.npmjs.org/@esbuild%2ffreebsd-x64 cache-miss
116 http fetch GET 200 https://registry.npmjs.org/ufo 44ms (cache miss)
117 silly packumentCache full:https://registry.npmjs.org/ufo set size:undefined disposed:false
118 silly fetch manifest @esbuild/linux-arm64@0.25.4
119 silly packumentCache full:https://registry.npmjs.org/@esbuild%2flinux-arm64 cache-miss
120 http fetch GET 200 https://registry.npmjs.org/ohash 47ms (cache miss)
121 silly packumentCache full:https://registry.npmjs.org/ohash set size:undefined disposed:false
122 silly fetch manifest @esbuild/linux-ppc64@0.25.4
123 silly packumentCache full:https://registry.npmjs.org/@esbuild%2flinux-ppc64 cache-miss
124 http fetch GET 200 https://registry.npmjs.org/defu 49ms (cache miss)
125 silly packumentCache full:https://registry.npmjs.org/defu set size:undefined disposed:false
126 silly fetch manifest @esbuild/linux-s390x@0.25.4
127 silly packumentCache full:https://registry.npmjs.org/@esbuild%2flinux-s390x cache-miss
128 http fetch GET 200 https://registry.npmjs.org/@esbuild%2flinux-arm 49ms (cache miss)
129 silly packumentCache full:https://registry.npmjs.org/@esbuild%2flinux-arm set size:undefined disposed:false
130 silly fetch manifest @esbuild/openbsd-x64@0.25.4
131 silly packumentCache full:https://registry.npmjs.org/@esbuild%2fopenbsd-x64 cache-miss
132 http fetch GET 200 https://registry.npmjs.org/@esbuild%2flinux-x64 57ms (cache miss)
133 silly packumentCache full:https://registry.npmjs.org/@esbuild%2flinux-x64 set size:undefined disposed:false
134 silly fetch manifest @esbuild/win32-arm64@0.25.4
135 silly packumentCache full:https://registry.npmjs.org/@esbuild%2fwin32-arm64 cache-miss
136 http fetch GET 200 https://registry.npmjs.org/@esbuild%2fsunos-x64 60ms (cache miss)
137 silly packumentCache full:https://registry.npmjs.org/@esbuild%2fsunos-x64 set size:undefined disposed:false
138 silly fetch manifest @esbuild/darwin-arm64@0.25.4
139 silly packumentCache full:https://registry.npmjs.org/@esbuild%2fdarwin-arm64 cache-miss
140 http fetch GET 200 https://registry.npmjs.org/@esbuild%2fwin32-x64 69ms (cache miss)
141 silly packumentCache full:https://registry.npmjs.org/@esbuild%2fwin32-x64 set size:undefined disposed:false
142 silly fetch manifest @esbuild/netbsd-arm64@0.25.4
143 silly packumentCache full:https://registry.npmjs.org/@esbuild%2fnetbsd-arm64 cache-miss
144 http fetch GET 200 https://registry.npmjs.org/@esbuild%2fandroid-arm 36ms (cache miss)
145 silly packumentCache full:https://registry.npmjs.org/@esbuild%2fandroid-arm set size:undefined disposed:false
146 silly fetch manifest @esbuild/android-arm64@0.25.4
147 silly packumentCache full:https://registry.npmjs.org/@esbuild%2fandroid-arm64 cache-miss
148 http fetch GET 200 https://registry.npmjs.org/@esbuild%2flinux-ia32 75ms (cache miss)
149 silly packumentCache full:https://registry.npmjs.org/@esbuild%2flinux-ia32 set size:undefined disposed:false
150 silly fetch manifest @esbuild/freebsd-arm64@0.25.4
151 silly packumentCache full:https://registry.npmjs.org/@esbuild%2ffreebsd-arm64 cache-miss
152 http fetch GET 200 https://registry.npmjs.org/@esbuild%2fnetbsd-x64 82ms (cache miss)
153 silly packumentCache full:https://registry.npmjs.org/@esbuild%2fnetbsd-x64 set size:undefined disposed:false
154 silly fetch manifest @esbuild/linux-loong64@0.25.4
155 silly packumentCache full:https://registry.npmjs.org/@esbuild%2flinux-loong64 cache-miss
156 http fetch GET 200 https://registry.npmjs.org/@esbuild%2fandroid-x64 51ms (cache miss)
157 silly packumentCache full:https://registry.npmjs.org/@esbuild%2fandroid-x64 set size:undefined disposed:false
158 silly fetch manifest @esbuild/linux-riscv64@0.25.4
159 silly packumentCache full:https://registry.npmjs.org/@esbuild%2flinux-riscv64 cache-miss
160 http fetch GET 200 https://registry.npmjs.org/@esbuild%2ffreebsd-x64 50ms (cache miss)
161 silly packumentCache full:https://registry.npmjs.org/@esbuild%2ffreebsd-x64 set size:undefined disposed:false
162 silly fetch manifest @esbuild/openbsd-arm64@0.25.4
163 silly packumentCache full:https://registry.npmjs.org/@esbuild%2fopenbsd-arm64 cache-miss
164 http fetch GET 200 https://registry.npmjs.org/@esbuild%2flinux-ppc64 46ms (cache miss)
165 silly packumentCache full:https://registry.npmjs.org/@esbuild%2flinux-ppc64 set size:undefined disposed:false
166 silly fetch manifest @esbuild/linux-mips64el@0.25.4
167 silly packumentCache full:https://registry.npmjs.org/@esbuild%2flinux-mips64el cache-miss
168 http fetch GET 200 https://registry.npmjs.org/@esbuild%2fdarwin-x64 95ms (cache miss)
169 silly packumentCache full:https://registry.npmjs.org/@esbuild%2fdarwin-x64 set size:undefined disposed:false
170 silly fetch manifest @cspotcode/source-map-support@0.8.1
171 silly packumentCache full:https://registry.npmjs.org/@cspotcode%2fsource-map-support cache-miss
172 http fetch GET 200 https://registry.npmjs.org/@esbuild%2fopenbsd-x64 46ms (cache miss)
173 silly packumentCache full:https://registry.npmjs.org/@esbuild%2fopenbsd-x64 set size:undefined disposed:false
174 silly fetch manifest acorn@8.14.0
175 silly packumentCache full:https://registry.npmjs.org/acorn cache-miss
176 http fetch GET 200 https://registry.npmjs.org/@esbuild%2fwin32-ia32 97ms (cache miss)
177 silly packumentCache full:https://registry.npmjs.org/@esbuild%2fwin32-ia32 set size:undefined disposed:false
178 silly fetch manifest acorn-walk@8.3.2
179 silly packumentCache full:https://registry.npmjs.org/acorn-walk cache-miss
180 http fetch GET 200 https://registry.npmjs.org/@esbuild%2flinux-arm64 59ms (cache miss)
181 silly packumentCache full:https://registry.npmjs.org/@esbuild%2flinux-arm64 set size:undefined disposed:false
182 silly fetch manifest exit-hook@2.2.1
183 silly packumentCache full:https://registry.npmjs.org/exit-hook cache-miss
184 http fetch GET 200 https://registry.npmjs.org/@esbuild%2flinux-s390x 59ms (cache miss)
185 silly packumentCache full:https://registry.npmjs.org/@esbuild%2flinux-s390x set size:undefined disposed:false
186 silly fetch manifest glob-to-regexp@0.4.1
187 silly packumentCache full:https://registry.npmjs.org/glob-to-regexp cache-miss
188 http fetch GET 200 https://registry.npmjs.org/@esbuild%2fdarwin-arm64 49ms (cache miss)
189 silly packumentCache full:https://registry.npmjs.org/@esbuild%2fdarwin-arm64 set size:undefined disposed:false
190 silly fetch manifest sharp@^0.33.5
191 silly packumentCache full:https://registry.npmjs.org/sharp cache-miss
192 http fetch GET 200 https://registry.npmjs.org/@esbuild%2fandroid-arm64 39ms (cache miss)
193 silly packumentCache full:https://registry.npmjs.org/@esbuild%2fandroid-arm64 set size:undefined disposed:false
194 silly fetch manifest stoppable@1.1.0
195 silly packumentCache full:https://registry.npmjs.org/stoppable cache-miss
196 http fetch GET 200 https://registry.npmjs.org/@esbuild%2ffreebsd-arm64 41ms (cache miss)
197 silly packumentCache full:https://registry.npmjs.org/@esbuild%2ffreebsd-arm64 set size:undefined disposed:false
198 silly fetch manifest undici@^7.10.0
199 silly packumentCache full:https://registry.npmjs.org/undici cache-miss
200 http fetch GET 200 https://registry.npmjs.org/@esbuild%2fnetbsd-arm64 54ms (cache miss)
201 silly packumentCache full:https://registry.npmjs.org/@esbuild%2fnetbsd-arm64 set size:undefined disposed:false
202 silly fetch manifest ws@8.18.0
203 silly packumentCache full:https://registry.npmjs.org/ws cache-miss
204 http fetch GET 200 https://registry.npmjs.org/exit-hook 28ms (cache miss)
205 silly packumentCache full:https://registry.npmjs.org/exit-hook set size:undefined disposed:false
206 silly fetch manifest youch@4.1.0-beta.10
207 silly packumentCache full:https://registry.npmjs.org/youch cache-miss
208 http fetch GET 200 https://registry.npmjs.org/@esbuild%2flinux-riscv64 46ms (cache miss)
209 silly packumentCache full:https://registry.npmjs.org/@esbuild%2flinux-riscv64 set size:undefined disposed:false
210 silly fetch manifest zod@3.22.3
211 silly packumentCache full:https://registry.npmjs.org/zod cache-miss
212 http fetch GET 200 https://registry.npmjs.org/acorn-walk 36ms (cache miss)
213 silly packumentCache full:https://registry.npmjs.org/acorn-walk set size:undefined disposed:false
214 silly fetch manifest @cloudflare/workerd-linux-64@1.20250712.0
215 silly packumentCache full:https://registry.npmjs.org/@cloudflare%2fworkerd-linux-64 cache-miss
216 http fetch GET 200 https://registry.npmjs.org/@esbuild%2flinux-loong64 54ms (cache miss)
217 silly packumentCache full:https://registry.npmjs.org/@esbuild%2flinux-loong64 set size:undefined disposed:false
218 silly fetch manifest @cloudflare/workerd-darwin-64@1.20250712.0
219 silly packumentCache full:https://registry.npmjs.org/@cloudflare%2fworkerd-darwin-64 cache-miss
220 http fetch GET 200 https://registry.npmjs.org/@esbuild%2fwin32-arm64 83ms (cache miss)
221 silly packumentCache full:https://registry.npmjs.org/@esbuild%2fwin32-arm64 set size:undefined disposed:false
222 silly fetch manifest @cloudflare/workerd-windows-64@1.20250712.0
223 silly packumentCache full:https://registry.npmjs.org/@cloudflare%2fworkerd-windows-64 cache-miss
224 http fetch GET 200 https://registry.npmjs.org/acorn 44ms (cache miss)
225 silly packumentCache full:https://registry.npmjs.org/acorn set size:undefined disposed:false
226 silly fetch manifest @cloudflare/workerd-linux-arm64@1.20250712.0
227 silly packumentCache full:https://registry.npmjs.org/@cloudflare%2fworkerd-linux-arm64 cache-miss
228 http fetch GET 200 https://registry.npmjs.org/@cspotcode%2fsource-map-support 55ms (cache miss)
229 silly packumentCache full:https://registry.npmjs.org/@cspotcode%2fsource-map-support set size:undefined disposed:false
230 silly fetch manifest @cloudflare/workerd-darwin-arm64@1.20250712.0
231 silly packumentCache full:https://registry.npmjs.org/@cloudflare%2fworkerd-darwin-arm64 cache-miss
232 http fetch GET 200 https://registry.npmjs.org/stoppable 40ms (cache miss)
233 silly packumentCache full:https://registry.npmjs.org/stoppable set size:undefined disposed:false
234 http fetch GET 200 https://registry.npmjs.org/glob-to-regexp 48ms (cache miss)
235 silly packumentCache full:https://registry.npmjs.org/glob-to-regexp set size:undefined disposed:false
236 http fetch GET 200 https://registry.npmjs.org/@esbuild%2flinux-mips64el 64ms (cache miss)
237 silly packumentCache full:https://registry.npmjs.org/@esbuild%2flinux-mips64el set size:undefined disposed:false
238 http fetch GET 200 https://registry.npmjs.org/youch 30ms (cache miss)
239 silly packumentCache full:https://registry.npmjs.org/youch set size:undefined disposed:false
240 http fetch GET 200 https://registry.npmjs.org/@esbuild%2fopenbsd-arm64 72ms (cache miss)
241 silly packumentCache full:https://registry.npmjs.org/@esbuild%2fopenbsd-arm64 set size:undefined disposed:false
242 http fetch GET 200 https://registry.npmjs.org/ws 44ms (cache miss)
243 silly packumentCache full:https://registry.npmjs.org/ws set size:undefined disposed:false
244 http fetch GET 200 https://registry.npmjs.org/sharp 64ms (cache miss)
245 silly packumentCache full:https://registry.npmjs.org/sharp set size:undefined disposed:false
246 http fetch GET 200 https://registry.npmjs.org/undici 61ms (cache miss)
247 silly packumentCache full:https://registry.npmjs.org/undici set size:undefined disposed:false
248 http fetch GET 200 https://registry.npmjs.org/@cloudflare%2fworkerd-darwin-64 68ms (cache miss)
249 silly packumentCache full:https://registry.npmjs.org/@cloudflare%2fworkerd-darwin-64 set size:undefined disposed:false
250 http fetch GET 200 https://registry.npmjs.org/@cloudflare%2fworkerd-darwin-arm64 63ms (cache miss)
251 silly packumentCache full:https://registry.npmjs.org/@cloudflare%2fworkerd-darwin-arm64 set size:undefined disposed:false
252 http fetch GET 200 https://registry.npmjs.org/@cloudflare%2fworkerd-linux-arm64 75ms (cache miss)
253 silly packumentCache full:https://registry.npmjs.org/@cloudflare%2fworkerd-linux-arm64 set size:undefined disposed:false
254 http fetch GET 200 https://registry.npmjs.org/@cloudflare%2fworkerd-linux-64 92ms (cache miss)
255 silly packumentCache full:https://registry.npmjs.org/@cloudflare%2fworkerd-linux-64 set size:undefined disposed:false
256 http fetch GET 200 https://registry.npmjs.org/@cloudflare%2fworkerd-windows-64 91ms (cache miss)
257 silly packumentCache full:https://registry.npmjs.org/@cloudflare%2fworkerd-windows-64 set size:undefined disposed:false
258 http fetch GET 200 https://registry.npmjs.org/zod 104ms (cache miss)
259 silly packumentCache full:https://registry.npmjs.org/zod set size:undefined disposed:false
260 http fetch GET 200 https://registry.npmjs.org/@esbuild%2faix-ppc64 335ms (cache miss)
261 silly packumentCache full:https://registry.npmjs.org/@esbuild%2faix-ppc64 set size:undefined disposed:false
262 silly placeDep node_modules/wrangler mime@3.0.0 OK for: @cloudflare/kv-asset-handler@0.4.0 want: ^3.0.0
263 silly placeDep node_modules/wrangler @esbuild/aix-ppc64@0.25.4 OK for: esbuild@0.25.4 want: 0.25.4
264 silly placeDep node_modules/wrangler @esbuild/android-arm@0.25.4 OK for: esbuild@0.25.4 want: 0.25.4
265 silly placeDep node_modules/wrangler @esbuild/android-arm64@0.25.4 OK for: esbuild@0.25.4 want: 0.25.4
266 silly placeDep node_modules/wrangler @esbuild/android-x64@0.25.4 OK for: esbuild@0.25.4 want: 0.25.4
267 silly placeDep node_modules/wrangler @esbuild/darwin-arm64@0.25.4 OK for: esbuild@0.25.4 want: 0.25.4
268 silly placeDep node_modules/wrangler @esbuild/darwin-x64@0.25.4 OK for: esbuild@0.25.4 want: 0.25.4
269 silly placeDep node_modules/wrangler @esbuild/freebsd-arm64@0.25.4 OK for: esbuild@0.25.4 want: 0.25.4
270 silly placeDep node_modules/wrangler @esbuild/freebsd-x64@0.25.4 OK for: esbuild@0.25.4 want: 0.25.4
271 silly placeDep node_modules/wrangler @esbuild/linux-arm@0.25.4 OK for: esbuild@0.25.4 want: 0.25.4
272 silly placeDep node_modules/wrangler @esbuild/linux-arm64@0.25.4 OK for: esbuild@0.25.4 want: 0.25.4
273 silly placeDep node_modules/wrangler @esbuild/linux-ia32@0.25.4 OK for: esbuild@0.25.4 want: 0.25.4
274 silly placeDep node_modules/wrangler @esbuild/linux-loong64@0.25.4 OK for: esbuild@0.25.4 want: 0.25.4
275 silly placeDep node_modules/wrangler @esbuild/linux-mips64el@0.25.4 OK for: esbuild@0.25.4 want: 0.25.4
276 silly placeDep node_modules/wrangler @esbuild/linux-ppc64@0.25.4 OK for: esbuild@0.25.4 want: 0.25.4
277 silly placeDep node_modules/wrangler @esbuild/linux-riscv64@0.25.4 OK for: esbuild@0.25.4 want: 0.25.4
278 silly placeDep node_modules/wrangler @esbuild/linux-s390x@0.25.4 OK for: esbuild@0.25.4 want: 0.25.4
279 silly placeDep node_modules/wrangler @esbuild/linux-x64@0.25.4 OK for: esbuild@0.25.4 want: 0.25.4
280 silly placeDep node_modules/wrangler @esbuild/netbsd-arm64@0.25.4 OK for: esbuild@0.25.4 want: 0.25.4
281 silly placeDep node_modules/wrangler @esbuild/netbsd-x64@0.25.4 OK for: esbuild@0.25.4 want: 0.25.4
282 silly placeDep node_modules/wrangler @esbuild/openbsd-arm64@0.25.4 OK for: esbuild@0.25.4 want: 0.25.4
283 silly placeDep node_modules/wrangler @esbuild/openbsd-x64@0.25.4 OK for: esbuild@0.25.4 want: 0.25.4
284 silly placeDep node_modules/wrangler @esbuild/sunos-x64@0.25.4 OK for: esbuild@0.25.4 want: 0.25.4
285 silly placeDep node_modules/wrangler @esbuild/win32-arm64@0.25.4 OK for: esbuild@0.25.4 want: 0.25.4
286 silly placeDep node_modules/wrangler @esbuild/win32-ia32@0.25.4 OK for: esbuild@0.25.4 want: 0.25.4
287 silly placeDep node_modules/wrangler @esbuild/win32-x64@0.25.4 OK for: esbuild@0.25.4 want: 0.25.4
288 silly fetch manifest bufferutil@^4.0.1
289 silly packumentCache full:https://registry.npmjs.org/bufferutil cache-miss
290 http fetch GET 200 https://registry.npmjs.org/bufferutil 30ms (cache miss)
291 silly packumentCache full:https://registry.npmjs.org/bufferutil set size:undefined disposed:false
292 silly fetch manifest utf-8-validate@>=5.0.2
293 silly packumentCache full:https://registry.npmjs.org/utf-8-validate cache-miss
294 http fetch GET 200 https://registry.npmjs.org/utf-8-validate 23ms (cache miss)
295 silly packumentCache full:https://registry.npmjs.org/utf-8-validate set size:undefined disposed:false
296 silly placeDep node_modules/wrangler @cspotcode/source-map-support@0.8.1 OK for: miniflare@4.20250712.0 want: 0.8.1
297 silly placeDep node_modules/wrangler acorn@8.14.0 OK for: miniflare@4.20250712.0 want: 8.14.0
298 silly placeDep node_modules/wrangler acorn-walk@8.3.2 OK for: miniflare@4.20250712.0 want: 8.3.2
299 silly placeDep node_modules/wrangler exit-hook@2.2.1 OK for: miniflare@4.20250712.0 want: 2.2.1
300 silly placeDep node_modules/wrangler glob-to-regexp@0.4.1 OK for: miniflare@4.20250712.0 want: 0.4.1
301 silly placeDep node_modules/wrangler sharp@0.33.5 OK for: miniflare@4.20250712.0 want: ^0.33.5
302 silly placeDep node_modules/wrangler stoppable@1.1.0 OK for: miniflare@4.20250712.0 want: 1.1.0
303 silly placeDep node_modules/wrangler undici@7.11.0 OK for: miniflare@4.20250712.0 want: ^7.10.0
304 silly placeDep node_modules/wrangler ws@8.18.0 OK for: miniflare@4.20250712.0 want: 8.18.0
305 silly placeDep node_modules/wrangler youch@4.1.0-beta.10 OK for: miniflare@4.20250712.0 want: 4.1.0-beta.10
306 silly placeDep node_modules/wrangler zod@3.22.3 OK for: miniflare@4.20250712.0 want: 3.22.3
307 silly fetch manifest @jridgewell/trace-mapping@0.3.9
308 silly packumentCache full:https://registry.npmjs.org/@jridgewell%2ftrace-mapping cache-miss
309 silly fetch manifest color@^4.2.3
310 silly packumentCache full:https://registry.npmjs.org/color cache-miss
311 silly fetch manifest semver@^7.6.3
312 silly packumentCache full:https://registry.npmjs.org/semver cache-miss
313 silly fetch manifest detect-libc@^2.0.3
314 silly packumentCache full:https://registry.npmjs.org/detect-libc cache-miss
315 silly fetch manifest @img/sharp-wasm32@0.33.5
316 silly packumentCache full:https://registry.npmjs.org/@img%2fsharp-wasm32 cache-miss
317 silly fetch manifest @img/sharp-linux-arm@0.33.5
318 silly packumentCache full:https://registry.npmjs.org/@img%2fsharp-linux-arm cache-miss
319 silly fetch manifest @img/sharp-linux-x64@0.33.5
320 silly packumentCache full:https://registry.npmjs.org/@img%2fsharp-linux-x64 cache-miss
321 silly fetch manifest @img/sharp-win32-x64@0.33.5
322 silly packumentCache full:https://registry.npmjs.org/@img%2fsharp-win32-x64 cache-miss
323 silly fetch manifest @img/sharp-darwin-x64@0.33.5
324 silly packumentCache full:https://registry.npmjs.org/@img%2fsharp-darwin-x64 cache-miss
325 silly fetch manifest @img/sharp-win32-ia32@0.33.5
326 silly packumentCache full:https://registry.npmjs.org/@img%2fsharp-win32-ia32 cache-miss
327 silly fetch manifest @img/sharp-linux-arm64@0.33.5
328 silly packumentCache full:https://registry.npmjs.org/@img%2fsharp-linux-arm64 cache-miss
329 silly fetch manifest @img/sharp-linux-s390x@0.33.5
330 silly packumentCache full:https://registry.npmjs.org/@img%2fsharp-linux-s390x cache-miss
331 silly fetch manifest @img/sharp-darwin-arm64@0.33.5
332 silly packumentCache full:https://registry.npmjs.org/@img%2fsharp-darwin-arm64 cache-miss
333 silly fetch manifest @img/sharp-linuxmusl-x64@0.33.5
334 silly packumentCache full:https://registry.npmjs.org/@img%2fsharp-linuxmusl-x64 cache-miss
335 silly fetch manifest @img/sharp-linuxmusl-arm64@0.33.5
336 silly packumentCache full:https://registry.npmjs.org/@img%2fsharp-linuxmusl-arm64 cache-miss
337 http fetch GET 200 https://registry.npmjs.org/color 31ms (cache miss)
338 silly packumentCache full:https://registry.npmjs.org/color set size:undefined disposed:false
339 silly fetch manifest @img/sharp-libvips-linux-arm@1.0.5
340 silly packumentCache full:https://registry.npmjs.org/@img%2fsharp-libvips-linux-arm cache-miss
341 http fetch GET 200 https://registry.npmjs.org/semver 33ms (cache miss)
342 silly packumentCache full:https://registry.npmjs.org/semver set size:undefined disposed:false
343 silly fetch manifest @img/sharp-libvips-linux-x64@1.0.4
344 silly packumentCache full:https://registry.npmjs.org/@img%2fsharp-libvips-linux-x64 cache-miss
345 http fetch GET 200 https://registry.npmjs.org/detect-libc 36ms (cache miss)
346 silly packumentCache full:https://registry.npmjs.org/detect-libc set size:undefined disposed:false
347 silly fetch manifest @img/sharp-libvips-darwin-x64@1.0.4
348 silly packumentCache full:https://registry.npmjs.org/@img%2fsharp-libvips-darwin-x64 cache-miss
349 http fetch GET 200 https://registry.npmjs.org/@img%2fsharp-linuxmusl-x64 42ms (cache miss)
350 silly packumentCache full:https://registry.npmjs.org/@img%2fsharp-linuxmusl-x64 set size:undefined disposed:false
351 silly fetch manifest @img/sharp-libvips-linux-arm64@1.0.4
352 silly packumentCache full:https://registry.npmjs.org/@img%2fsharp-libvips-linux-arm64 cache-miss
353 http fetch GET 200 https://registry.npmjs.org/@img%2fsharp-linux-arm64 43ms (cache miss)
354 silly packumentCache full:https://registry.npmjs.org/@img%2fsharp-linux-arm64 set size:undefined disposed:false
355 silly fetch manifest @img/sharp-libvips-linux-s390x@1.0.4
356 silly packumentCache full:https://registry.npmjs.org/@img%2fsharp-libvips-linux-s390x cache-miss
357 http fetch GET 200 https://registry.npmjs.org/@img%2fsharp-win32-ia32 44ms (cache miss)
358 silly packumentCache full:https://registry.npmjs.org/@img%2fsharp-win32-ia32 set size:undefined disposed:false
359 silly fetch manifest @img/sharp-libvips-darwin-arm64@1.0.4
360 silly packumentCache full:https://registry.npmjs.org/@img%2fsharp-libvips-darwin-arm64 cache-miss
361 http fetch GET 200 https://registry.npmjs.org/@img%2fsharp-wasm32 49ms (cache miss)
362 silly packumentCache full:https://registry.npmjs.org/@img%2fsharp-wasm32 set size:undefined disposed:false
363 silly fetch manifest @img/sharp-libvips-linuxmusl-x64@1.0.4
364 silly packumentCache full:https://registry.npmjs.org/@img%2fsharp-libvips-linuxmusl-x64 cache-miss
365 http fetch GET 200 https://registry.npmjs.org/@img%2fsharp-linux-arm 51ms (cache miss)
366 silly packumentCache full:https://registry.npmjs.org/@img%2fsharp-linux-arm set size:undefined disposed:false
367 silly fetch manifest @img/sharp-libvips-linuxmusl-arm64@1.0.4
368 silly packumentCache full:https://registry.npmjs.org/@img%2fsharp-libvips-linuxmusl-arm64 cache-miss
369 http fetch GET 200 https://registry.npmjs.org/@img%2fsharp-darwin-x64 51ms (cache miss)
370 silly packumentCache full:https://registry.npmjs.org/@img%2fsharp-darwin-x64 set size:undefined disposed:false
371 silly fetch manifest @poppinss/colors@^4.1.5
372 silly packumentCache full:https://registry.npmjs.org/@poppinss%2fcolors cache-miss
373 http fetch GET 200 https://registry.npmjs.org/@img%2fsharp-darwin-arm64 53ms (cache miss)
374 silly packumentCache full:https://registry.npmjs.org/@img%2fsharp-darwin-arm64 set size:undefined disposed:false
375 silly fetch manifest @poppinss/dumper@^0.6.4
376 silly packumentCache full:https://registry.npmjs.org/@poppinss%2fdumper cache-miss
377 http fetch GET 200 https://registry.npmjs.org/@img%2fsharp-linux-x64 56ms (cache miss)
378 silly packumentCache full:https://registry.npmjs.org/@img%2fsharp-linux-x64 set size:undefined disposed:false
379 silly fetch manifest @speed-highlight/core@^1.2.7
380 silly packumentCache full:https://registry.npmjs.org/@speed-highlight%2fcore cache-miss
381 http fetch GET 200 https://registry.npmjs.org/@jridgewell%2ftrace-mapping 58ms (cache miss)
382 silly packumentCache full:https://registry.npmjs.org/@jridgewell%2ftrace-mapping set size:undefined disposed:false
383 silly fetch manifest cookie@^1.0.2
384 silly packumentCache full:https://registry.npmjs.org/cookie cache-miss
385 http fetch GET 200 https://registry.npmjs.org/@img%2fsharp-linuxmusl-arm64 61ms (cache miss)
386 silly packumentCache full:https://registry.npmjs.org/@img%2fsharp-linuxmusl-arm64 set size:undefined disposed:false
387 silly fetch manifest youch-core@^0.3.3
388 silly packumentCache full:https://registry.npmjs.org/youch-core cache-miss
389 http fetch GET 200 https://registry.npmjs.org/@img%2fsharp-linux-s390x 64ms (cache miss)
390 silly packumentCache full:https://registry.npmjs.org/@img%2fsharp-linux-s390x set size:undefined disposed:false
391 http fetch GET 200 https://registry.npmjs.org/@img%2fsharp-libvips-linux-arm 34ms (cache miss)
392 silly packumentCache full:https://registry.npmjs.org/@img%2fsharp-libvips-linux-arm set size:undefined disposed:false
393 http fetch GET 200 https://registry.npmjs.org/@img%2fsharp-libvips-linux-x64 33ms (cache miss)
394 silly packumentCache full:https://registry.npmjs.org/@img%2fsharp-libvips-linux-x64 set size:undefined disposed:false
395 http fetch GET 200 https://registry.npmjs.org/@img%2fsharp-win32-x64 67ms (cache miss)
396 silly packumentCache full:https://registry.npmjs.org/@img%2fsharp-win32-x64 set size:undefined disposed:false
397 http fetch GET 200 https://registry.npmjs.org/@img%2fsharp-libvips-darwin-arm64 30ms (cache miss)
398 silly packumentCache full:https://registry.npmjs.org/@img%2fsharp-libvips-darwin-arm64 set size:undefined disposed:false
399 http fetch GET 200 https://registry.npmjs.org/@img%2fsharp-libvips-linux-arm64 35ms (cache miss)
400 silly packumentCache full:https://registry.npmjs.org/@img%2fsharp-libvips-linux-arm64 set size:undefined disposed:false
401 http fetch GET 200 https://registry.npmjs.org/cookie 24ms (cache miss)
402 silly packumentCache full:https://registry.npmjs.org/cookie set size:undefined disposed:false
403 http fetch GET 200 https://registry.npmjs.org/@img%2fsharp-libvips-linuxmusl-x64 34ms (cache miss)
404 silly packumentCache full:https://registry.npmjs.org/@img%2fsharp-libvips-linuxmusl-x64 set size:undefined disposed:false
405 http fetch GET 200 https://registry.npmjs.org/youch-core 26ms (cache miss)
406 silly packumentCache full:https://registry.npmjs.org/youch-core set size:undefined disposed:false
407 http fetch GET 200 https://registry.npmjs.org/@img%2fsharp-libvips-darwin-x64 56ms (cache miss)
408 silly packumentCache full:https://registry.npmjs.org/@img%2fsharp-libvips-darwin-x64 set size:undefined disposed:false
409 http fetch GET 200 https://registry.npmjs.org/@img%2fsharp-libvips-linuxmusl-arm64 44ms (cache miss)
410 silly packumentCache full:https://registry.npmjs.org/@img%2fsharp-libvips-linuxmusl-arm64 set size:undefined disposed:false
411 http fetch GET 200 https://registry.npmjs.org/@img%2fsharp-libvips-linux-s390x 64ms (cache miss)
412 silly packumentCache full:https://registry.npmjs.org/@img%2fsharp-libvips-linux-s390x set size:undefined disposed:false
413 http fetch GET 200 https://registry.npmjs.org/@poppinss%2fdumper 276ms (cache miss)
414 silly packumentCache full:https://registry.npmjs.org/@poppinss%2fdumper set size:undefined disposed:false
415 http fetch GET 200 https://registry.npmjs.org/@speed-highlight%2fcore 316ms (cache miss)
416 silly packumentCache full:https://registry.npmjs.org/@speed-highlight%2fcore set size:undefined disposed:false
417 http fetch GET 200 https://registry.npmjs.org/@poppinss%2fcolors 381ms (cache miss)
418 silly packumentCache full:https://registry.npmjs.org/@poppinss%2fcolors set size:undefined disposed:false
419 silly placeDep node_modules/wrangler @jridgewell/trace-mapping@0.3.9 OK for: @cspotcode/source-map-support@0.8.1 want: 0.3.9
420 silly fetch manifest @jridgewell/resolve-uri@^3.0.3
421 silly packumentCache full:https://registry.npmjs.org/@jridgewell%2fresolve-uri cache-miss
422 silly fetch manifest @jridgewell/sourcemap-codec@^1.4.10
423 silly packumentCache full:https://registry.npmjs.org/@jridgewell%2fsourcemap-codec cache-miss
424 http fetch GET 200 https://registry.npmjs.org/@jridgewell%2fsourcemap-codec 32ms (cache miss)
425 silly packumentCache full:https://registry.npmjs.org/@jridgewell%2fsourcemap-codec set size:undefined disposed:false
426 http fetch GET 200 https://registry.npmjs.org/@jridgewell%2fresolve-uri 51ms (cache miss)
427 silly packumentCache full:https://registry.npmjs.org/@jridgewell%2fresolve-uri set size:undefined disposed:false
428 silly placeDep node_modules/wrangler @jridgewell/resolve-uri@3.1.2 OK for: @jridgewell/trace-mapping@0.3.9 want: ^3.0.3
429 silly placeDep node_modules/wrangler @jridgewell/sourcemap-codec@1.5.4 OK for: @jridgewell/trace-mapping@0.3.9 want: ^1.4.10
430 silly placeDep node_modules/wrangler @img/sharp-darwin-arm64@0.33.5 OK for: sharp@0.33.5 want: 0.33.5
431 silly placeDep node_modules/wrangler @img/sharp-darwin-x64@0.33.5 OK for: sharp@0.33.5 want: 0.33.5
432 silly placeDep node_modules/wrangler @img/sharp-libvips-darwin-arm64@1.0.4 OK for: sharp@0.33.5 want: 1.0.4
433 silly placeDep node_modules/wrangler @img/sharp-libvips-darwin-x64@1.0.4 OK for: sharp@0.33.5 want: 1.0.4
434 silly placeDep node_modules/wrangler @img/sharp-libvips-linux-arm@1.0.5 OK for: sharp@0.33.5 want: 1.0.5
435 silly placeDep node_modules/wrangler @img/sharp-libvips-linux-arm64@1.0.4 OK for: sharp@0.33.5 want: 1.0.4
436 silly placeDep node_modules/wrangler @img/sharp-libvips-linux-s390x@1.0.4 OK for: sharp@0.33.5 want: 1.0.4
437 silly placeDep node_modules/wrangler @img/sharp-libvips-linux-x64@1.0.4 OK for: sharp@0.33.5 want: 1.0.4
438 silly placeDep node_modules/wrangler @img/sharp-libvips-linuxmusl-arm64@1.0.4 OK for: sharp@0.33.5 want: 1.0.4
439 silly placeDep node_modules/wrangler @img/sharp-libvips-linuxmusl-x64@1.0.4 OK for: sharp@0.33.5 want: 1.0.4
440 silly placeDep node_modules/wrangler @img/sharp-linux-arm@0.33.5 OK for: sharp@0.33.5 want: 0.33.5
441 silly placeDep node_modules/wrangler @img/sharp-linux-arm64@0.33.5 OK for: sharp@0.33.5 want: 0.33.5
442 silly placeDep node_modules/wrangler @img/sharp-linux-s390x@0.33.5 OK for: sharp@0.33.5 want: 0.33.5
443 silly placeDep node_modules/wrangler @img/sharp-linux-x64@0.33.5 OK for: sharp@0.33.5 want: 0.33.5
444 silly placeDep node_modules/wrangler @img/sharp-linuxmusl-arm64@0.33.5 OK for: sharp@0.33.5 want: 0.33.5
445 silly placeDep node_modules/wrangler @img/sharp-linuxmusl-x64@0.33.5 OK for: sharp@0.33.5 want: 0.33.5
446 silly placeDep node_modules/wrangler @img/sharp-wasm32@0.33.5 OK for: sharp@0.33.5 want: 0.33.5
447 silly placeDep node_modules/wrangler @img/sharp-win32-ia32@0.33.5 OK for: sharp@0.33.5 want: 0.33.5
448 silly placeDep node_modules/wrangler @img/sharp-win32-x64@0.33.5 OK for: sharp@0.33.5 want: 0.33.5
449 silly placeDep node_modules/wrangler color@4.2.3 OK for: sharp@0.33.5 want: ^4.2.3
450 silly placeDep node_modules/wrangler detect-libc@2.0.4 OK for: sharp@0.33.5 want: ^2.0.3
451 silly placeDep node_modules/wrangler semver@7.7.2 OK for: sharp@0.33.5 want: ^7.6.3
452 silly fetch manifest @emnapi/runtime@^1.2.0
453 silly packumentCache full:https://registry.npmjs.org/@emnapi%2fruntime cache-miss
454 silly fetch manifest color-string@^1.9.0
455 silly packumentCache full:https://registry.npmjs.org/color-string cache-miss
456 silly fetch manifest color-convert@^2.0.1
457 silly packumentCache full:https://registry.npmjs.org/color-convert cache-miss
458 http fetch GET 200 https://registry.npmjs.org/color-convert 20ms (cache miss)
459 silly packumentCache full:https://registry.npmjs.org/color-convert set size:undefined disposed:false
460 http fetch GET 200 https://registry.npmjs.org/color-string 22ms (cache miss)
461 silly packumentCache full:https://registry.npmjs.org/color-string set size:undefined disposed:false
462 http fetch GET 200 https://registry.npmjs.org/@emnapi%2fruntime 28ms (cache miss)
463 silly packumentCache full:https://registry.npmjs.org/@emnapi%2fruntime set size:undefined disposed:false
464 silly placeDep node_modules/wrangler @emnapi/runtime@1.4.4 OK for: @img/sharp-wasm32@0.33.5 want: ^1.2.0
465 silly fetch manifest tslib@^2.4.0
466 silly packumentCache full:https://registry.npmjs.org/tslib cache-miss
467 http fetch GET 200 https://registry.npmjs.org/tslib 23ms (cache miss)
468 silly packumentCache full:https://registry.npmjs.org/tslib set size:undefined disposed:false
469 silly placeDep node_modules/wrangler tslib@2.8.1 OK for: @emnapi/runtime@1.4.4 want: ^2.4.0
470 silly placeDep node_modules/wrangler color-convert@2.0.1 OK for: color@4.2.3 want: ^2.0.1
471 silly placeDep node_modules/wrangler color-string@1.9.1 OK for: color@4.2.3 want: ^1.9.0
472 silly fetch manifest color-name@~1.1.4
473 silly packumentCache full:https://registry.npmjs.org/color-name cache-miss
474 silly fetch manifest color-name@^1.0.0
475 silly packumentCache full:https://registry.npmjs.org/color-name cache-miss
476 silly fetch manifest simple-swizzle@^0.2.2
477 silly packumentCache full:https://registry.npmjs.org/simple-swizzle cache-miss
478 http fetch GET 200 https://registry.npmjs.org/color-name 22ms (cache miss)
479 silly packumentCache full:https://registry.npmjs.org/color-name set size:undefined disposed:false
480 http fetch GET 200 https://registry.npmjs.org/color-name 24ms (cache miss)
481 silly packumentCache full:https://registry.npmjs.org/color-name set size:undefined disposed:false
482 http fetch GET 200 https://registry.npmjs.org/simple-swizzle 25ms (cache miss)
483 silly packumentCache full:https://registry.npmjs.org/simple-swizzle set size:undefined disposed:false
484 silly placeDep node_modules/wrangler color-name@1.1.4 OK for: color-convert@2.0.1 want: ~1.1.4
485 silly placeDep node_modules/wrangler simple-swizzle@0.2.2 OK for: color-string@1.9.1 want: ^0.2.2
486 silly fetch manifest is-arrayish@^0.3.1
487 silly packumentCache full:https://registry.npmjs.org/is-arrayish cache-miss
488 http fetch GET 200 https://registry.npmjs.org/is-arrayish 23ms (cache miss)
489 silly packumentCache full:https://registry.npmjs.org/is-arrayish set size:undefined disposed:false
490 silly placeDep node_modules/wrangler is-arrayish@0.3.2 OK for: simple-swizzle@0.2.2 want: ^0.3.1
491 silly placeDep node_modules/wrangler defu@6.1.4 OK for: unenv@2.0.0-rc.17 want: ^6.1.4
492 silly placeDep node_modules/wrangler exsolve@1.0.7 OK for: unenv@2.0.0-rc.17 want: ^1.0.4
493 silly placeDep node_modules/wrangler ohash@2.0.11 OK for: unenv@2.0.0-rc.17 want: ^2.0.11
494 silly placeDep node_modules/wrangler pathe@2.0.3 OK for: unenv@2.0.0-rc.17 want: ^2.0.3
495 silly placeDep node_modules/wrangler ufo@1.6.1 OK for: unenv@2.0.0-rc.17 want: ^1.6.1
496 silly placeDep node_modules/wrangler @cloudflare/workerd-darwin-64@1.20250712.0 OK for: workerd@1.20250712.0 want: 1.20250712.0
497 silly placeDep node_modules/wrangler @cloudflare/workerd-darwin-arm64@1.20250712.0 OK for: workerd@1.20250712.0 want: 1.20250712.0
498 silly placeDep node_modules/wrangler @cloudflare/workerd-linux-64@1.20250712.0 OK for: workerd@1.20250712.0 want: 1.20250712.0
499 silly placeDep node_modules/wrangler @cloudflare/workerd-linux-arm64@1.20250712.0 OK for: workerd@1.20250712.0 want: 1.20250712.0
500 silly placeDep node_modules/wrangler @cloudflare/workerd-windows-64@1.20250712.0 OK for: workerd@1.20250712.0 want: 1.20250712.0
501 silly placeDep node_modules/wrangler @poppinss/colors@4.1.5 OK for: youch@4.1.0-beta.10 want: ^4.1.5
502 silly placeDep node_modules/wrangler @poppinss/dumper@0.6.4 OK for: youch@4.1.0-beta.10 want: ^0.6.4
503 silly placeDep node_modules/wrangler @speed-highlight/core@1.2.7 OK for: youch@4.1.0-beta.10 want: ^1.2.7
504 silly placeDep node_modules/wrangler cookie@1.0.2 OK for: youch@4.1.0-beta.10 want: ^1.0.2
505 silly placeDep node_modules/wrangler youch-core@0.3.3 OK for: youch@4.1.0-beta.10 want: ^0.3.3
506 silly fetch manifest kleur@^4.1.5
507 silly packumentCache full:https://registry.npmjs.org/kleur cache-miss
508 silly fetch manifest @sindresorhus/is@^7.0.2
509 silly packumentCache full:https://registry.npmjs.org/@sindresorhus%2fis cache-miss
510 silly fetch manifest supports-color@^10.0.0
511 silly packumentCache full:https://registry.npmjs.org/supports-color cache-miss
512 silly fetch manifest @poppinss/exception@^1.2.2
513 silly packumentCache full:https://registry.npmjs.org/@poppinss%2fexception cache-miss
514 silly fetch manifest error-stack-parser-es@^1.0.5
515 silly packumentCache full:https://registry.npmjs.org/error-stack-parser-es cache-miss
516 http fetch GET 200 https://registry.npmjs.org/kleur 24ms (cache miss)
517 silly packumentCache full:https://registry.npmjs.org/kleur set size:undefined disposed:false
518 http fetch GET 200 https://registry.npmjs.org/supports-color 32ms (cache miss)
519 silly packumentCache full:https://registry.npmjs.org/supports-color set size:undefined disposed:false
520 http fetch GET 200 https://registry.npmjs.org/@sindresorhus%2fis 38ms (cache miss)
521 silly packumentCache full:https://registry.npmjs.org/@sindresorhus%2fis set size:undefined disposed:false
522 http fetch GET 200 https://registry.npmjs.org/@poppinss%2fexception 61ms (cache miss)
523 silly packumentCache full:https://registry.npmjs.org/@poppinss%2fexception set size:undefined disposed:false
524 http fetch GET 200 https://registry.npmjs.org/error-stack-parser-es 136ms (cache miss)
525 silly packumentCache full:https://registry.npmjs.org/error-stack-parser-es set size:undefined disposed:false
526 silly placeDep node_modules/wrangler kleur@4.1.5 OK for: @poppinss/colors@4.1.5 want: ^4.1.5
527 silly placeDep node_modules/wrangler @sindresorhus/is@7.0.2 OK for: @poppinss/dumper@0.6.4 want: ^7.0.2
528 silly placeDep node_modules/wrangler supports-color@10.0.0 OK for: @poppinss/dumper@0.6.4 want: ^10.0.0
529 silly placeDep node_modules/wrangler @poppinss/exception@1.2.2 OK for: youch-core@0.3.3 want: ^1.2.2
530 silly placeDep node_modules/wrangler error-stack-parser-es@1.0.5 OK for: youch-core@0.3.3 want: ^1.0.5
531 silly reify moves {}
532 verbose reify failed optional dependency /home/ubuntu/.nvm/versions/node/v22.13.0/lib/node_modules/wrangler/node_modules/@cloudflare/workerd-windows-64
533 silly reify mark deleted [
533 silly reify   '/home/ubuntu/.nvm/versions/node/v22.13.0/lib/node_modules/wrangler/node_modules/@cloudflare/workerd-windows-64'
533 silly reify ]
534 verbose reify failed optional dependency /home/ubuntu/.nvm/versions/node/v22.13.0/lib/node_modules/wrangler/node_modules/@cloudflare/workerd-linux-arm64
535 silly reify mark deleted [
535 silly reify   '/home/ubuntu/.nvm/versions/node/v22.13.0/lib/node_modules/wrangler/node_modules/@cloudflare/workerd-linux-arm64'
535 silly reify ]
536 verbose reify failed optional dependency /home/ubuntu/.nvm/versions/node/v22.13.0/lib/node_modules/wrangler/node_modules/@cloudflare/workerd-darwin-arm64
537 silly reify mark deleted [
537 silly reify   '/home/ubuntu/.nvm/versions/node/v22.13.0/lib/node_modules/wrangler/node_modules/@cloudflare/workerd-darwin-arm64'
537 silly reify ]
538 verbose reify failed optional dependency /home/ubuntu/.nvm/versions/node/v22.13.0/lib/node_modules/wrangler/node_modules/@cloudflare/workerd-darwin-64
539 silly reify mark deleted [
539 silly reify   '/home/ubuntu/.nvm/versions/node/v22.13.0/lib/node_modules/wrangler/node_modules/@cloudflare/workerd-darwin-64'
539 silly reify ]
540 verbose reify failed optional dependency /home/ubuntu/.nvm/versions/node/v22.13.0/lib/node_modules/wrangler/node_modules/@img/sharp-win32-x64
541 silly reify mark deleted [
541 silly reify   '/home/ubuntu/.nvm/versions/node/v22.13.0/lib/node_modules/wrangler/node_modules/@img/sharp-win32-x64'
541 silly reify ]
542 verbose reify failed optional dependency /home/ubuntu/.nvm/versions/node/v22.13.0/lib/node_modules/wrangler/node_modules/@img/sharp-win32-ia32
543 silly reify mark deleted [
543 silly reify   '/home/ubuntu/.nvm/versions/node/v22.13.0/lib/node_modules/wrangler/node_modules/@img/sharp-win32-ia32'
543 silly reify ]
544 verbose reify failed optional dependency /home/ubuntu/.nvm/versions/node/v22.13.0/lib/node_modules/wrangler/node_modules/@img/sharp-wasm32
545 silly reify mark deleted [
545 silly reify   '/home/ubuntu/.nvm/versions/node/v22.13.0/lib/node_modules/wrangler/node_modules/@img/sharp-wasm32'
545 silly reify ]
546 verbose reify failed optional dependency /home/ubuntu/.nvm/versions/node/v22.13.0/lib/node_modules/wrangler/node_modules/@emnapi/runtime
547 silly reify mark deleted [
547 silly reify   '/home/ubuntu/.nvm/versions/node/v22.13.0/lib/node_modules/wrangler/node_modules/@emnapi/runtime'
547 silly reify ]
548 verbose reify failed optional dependency /home/ubuntu/.nvm/versions/node/v22.13.0/lib/node_modules/wrangler/node_modules/tslib
549 silly reify mark deleted [
549 silly reify   '/home/ubuntu/.nvm/versions/node/v22.13.0/lib/node_modules/wrangler/node_modules/tslib'
549 silly reify ]
550 verbose reify failed optional dependency /home/ubuntu/.nvm/versions/node/v22.13.0/lib/node_modules/wrangler/node_modules/@img/sharp-linuxmusl-x64
551 silly reify mark deleted [
551 silly reify   '/home/ubuntu/.nvm/versions/node/v22.13.0/lib/node_modules/wrangler/node_modules/@img/sharp-linuxmusl-x64'
551 silly reify ]
552 verbose reify failed optional dependency /home/ubuntu/.nvm/versions/node/v22.13.0/lib/node_modules/wrangler/node_modules/@img/sharp-linuxmusl-arm64
553 silly reify mark deleted [
553 silly reify   '/home/ubuntu/.nvm/versions/node/v22.13.0/lib/node_modules/wrangler/node_modules/@img/sharp-linuxmusl-arm64'
553 silly reify ]
554 verbose reify failed optional dependency /home/ubuntu/.nvm/versions/node/v22.13.0/lib/node_modules/wrangler/node_modules/@img/sharp-linux-s390x
555 silly reify mark deleted [
555 silly reify   '/home/ubuntu/.nvm/versions/node/v22.13.0/lib/node_modules/wrangler/node_modules/@img/sharp-linux-s390x'
555 silly reify ]
556 verbose reify failed optional dependency /home/ubuntu/.nvm/versions/node/v22.13.0/lib/node_modules/wrangler/node_modules/@img/sharp-linux-arm64
557 silly reify mark deleted [
557 silly reify   '/home/ubuntu/.nvm/versions/node/v22.13.0/lib/node_modules/wrangler/node_modules/@img/sharp-linux-arm64'
557 silly reify ]
558 verbose reify failed optional dependency /home/ubuntu/.nvm/versions/node/v22.13.0/lib/node_modules/wrangler/node_modules/@img/sharp-linux-arm
559 silly reify mark deleted [
559 silly reify   '/home/ubuntu/.nvm/versions/node/v22.13.0/lib/node_modules/wrangler/node_modules/@img/sharp-linux-arm'
559 silly reify ]
560 verbose reify failed optional dependency /home/ubuntu/.nvm/versions/node/v22.13.0/lib/node_modules/wrangler/node_modules/@img/sharp-libvips-linuxmusl-x64
561 silly reify mark deleted [
561 silly reify   '/home/ubuntu/.nvm/versions/node/v22.13.0/lib/node_modules/wrangler/node_modules/@img/sharp-libvips-linuxmusl-x64'
561 silly reify ]
562 verbose reify failed optional dependency /home/ubuntu/.nvm/versions/node/v22.13.0/lib/node_modules/wrangler/node_modules/@img/sharp-libvips-linuxmusl-arm64
563 silly reify mark deleted [
563 silly reify   '/home/ubuntu/.nvm/versions/node/v22.13.0/lib/node_modules/wrangler/node_modules/@img/sharp-libvips-linuxmusl-arm64'
563 silly reify ]
564 verbose reify failed optional dependency /home/ubuntu/.nvm/versions/node/v22.13.0/lib/node_modules/wrangler/node_modules/@img/sharp-libvips-linux-s390x
565 silly reify mark deleted [
565 silly reify   '/home/ubuntu/.nvm/versions/node/v22.13.0/lib/node_modules/wrangler/node_modules/@img/sharp-libvips-linux-s390x'
565 silly reify ]
566 verbose reify failed optional dependency /home/ubuntu/.nvm/versions/node/v22.13.0/lib/node_modules/wrangler/node_modules/@img/sharp-libvips-linux-arm64
567 silly reify mark deleted [
567 silly reify   '/home/ubuntu/.nvm/versions/node/v22.13.0/lib/node_modules/wrangler/node_modules/@img/sharp-libvips-linux-arm64'
567 silly reify ]
568 verbose reify failed optional dependency /home/ubuntu/.nvm/versions/node/v22.13.0/lib/node_modules/wrangler/node_modules/@img/sharp-libvips-linux-arm
569 silly reify mark deleted [
569 silly reify   '/home/ubuntu/.nvm/versions/node/v22.13.0/lib/node_modules/wrangler/node_modules/@img/sharp-libvips-linux-arm'
569 silly reify ]
570 verbose reify failed optional dependency /home/ubuntu/.nvm/versions/node/v22.13.0/lib/node_modules/wrangler/node_modules/@img/sharp-libvips-darwin-x64
571 silly reify mark deleted [
571 silly reify   '/home/ubuntu/.nvm/versions/node/v22.13.0/lib/node_modules/wrangler/node_modules/@img/sharp-libvips-darwin-x64'
571 silly reify ]
572 verbose reify failed optional dependency /home/ubuntu/.nvm/versions/node/v22.13.0/lib/node_modules/wrangler/node_modules/@img/sharp-libvips-darwin-arm64
573 silly reify mark deleted [
573 silly reify   '/home/ubuntu/.nvm/versions/node/v22.13.0/lib/node_modules/wrangler/node_modules/@img/sharp-libvips-darwin-arm64'
573 silly reify ]
574 verbose reify failed optional dependency /home/ubuntu/.nvm/versions/node/v22.13.0/lib/node_modules/wrangler/node_modules/@img/sharp-darwin-x64
575 silly reify mark deleted [
575 silly reify   '/home/ubuntu/.nvm/versions/node/v22.13.0/lib/node_modules/wrangler/node_modules/@img/sharp-darwin-x64'
575 silly reify ]
576 verbose reify failed optional dependency /home/ubuntu/.nvm/versions/node/v22.13.0/lib/node_modules/wrangler/node_modules/@img/sharp-darwin-arm64
577 silly reify mark deleted [
577 silly reify   '/home/ubuntu/.nvm/versions/node/v22.13.0/lib/node_modules/wrangler/node_modules/@img/sharp-darwin-arm64'
577 silly reify ]
578 verbose reify failed optional dependency /home/ubuntu/.nvm/versions/node/v22.13.0/lib/node_modules/wrangler/node_modules/@esbuild/win32-x64
579 silly reify mark deleted [
579 silly reify   '/home/ubuntu/.nvm/versions/node/v22.13.0/lib/node_modules/wrangler/node_modules/@esbuild/win32-x64'
579 silly reify ]
580 verbose reify failed optional dependency /home/ubuntu/.nvm/versions/node/v22.13.0/lib/node_modules/wrangler/node_modules/@esbuild/win32-ia32
581 silly reify mark deleted [
581 silly reify   '/home/ubuntu/.nvm/versions/node/v22.13.0/lib/node_modules/wrangler/node_modules/@esbuild/win32-ia32'
581 silly reify ]
582 verbose reify failed optional dependency /home/ubuntu/.nvm/versions/node/v22.13.0/lib/node_modules/wrangler/node_modules/@esbuild/win32-arm64
583 silly reify mark deleted [
583 silly reify   '/home/ubuntu/.nvm/versions/node/v22.13.0/lib/node_modules/wrangler/node_modules/@esbuild/win32-arm64'
583 silly reify ]
584 verbose reify failed optional dependency /home/ubuntu/.nvm/versions/node/v22.13.0/lib/node_modules/wrangler/node_modules/@esbuild/sunos-x64
585 silly reify mark deleted [
585 silly reify   '/home/ubuntu/.nvm/versions/node/v22.13.0/lib/node_modules/wrangler/node_modules/@esbuild/sunos-x64'
585 silly reify ]
586 verbose reify failed optional dependency /home/ubuntu/.nvm/versions/node/v22.13.0/lib/node_modules/wrangler/node_modules/@esbuild/openbsd-x64
587 silly reify mark deleted [
587 silly reify   '/home/ubuntu/.nvm/versions/node/v22.13.0/lib/node_modules/wrangler/node_modules/@esbuild/openbsd-x64'
587 silly reify ]
588 verbose reify failed optional dependency /home/ubuntu/.nvm/versions/node/v22.13.0/lib/node_modules/wrangler/node_modules/@esbuild/openbsd-arm64
589 silly reify mark deleted [
589 silly reify   '/home/ubuntu/.nvm/versions/node/v22.13.0/lib/node_modules/wrangler/node_modules/@esbuild/openbsd-arm64'
589 silly reify ]
590 verbose reify failed optional dependency /home/ubuntu/.nvm/versions/node/v22.13.0/lib/node_modules/wrangler/node_modules/@esbuild/netbsd-x64
591 silly reify mark deleted [
591 silly reify   '/home/ubuntu/.nvm/versions/node/v22.13.0/lib/node_modules/wrangler/node_modules/@esbuild/netbsd-x64'
591 silly reify ]
592 verbose reify failed optional dependency /home/ubuntu/.nvm/versions/node/v22.13.0/lib/node_modules/wrangler/node_modules/@esbuild/netbsd-arm64
593 silly reify mark deleted [
593 silly reify   '/home/ubuntu/.nvm/versions/node/v22.13.0/lib/node_modules/wrangler/node_modules/@esbuild/netbsd-arm64'
593 silly reify ]
594 verbose reify failed optional dependency /home/ubuntu/.nvm/versions/node/v22.13.0/lib/node_modules/wrangler/node_modules/@esbuild/linux-s390x
595 silly reify mark deleted [
595 silly reify   '/home/ubuntu/.nvm/versions/node/v22.13.0/lib/node_modules/wrangler/node_modules/@esbuild/linux-s390x'
595 silly reify ]
596 verbose reify failed optional dependency /home/ubuntu/.nvm/versions/node/v22.13.0/lib/node_modules/wrangler/node_modules/@esbuild/linux-riscv64
597 silly reify mark deleted [
597 silly reify   '/home/ubuntu/.nvm/versions/node/v22.13.0/lib/node_modules/wrangler/node_modules/@esbuild/linux-riscv64'
597 silly reify ]
598 verbose reify failed optional dependency /home/ubuntu/.nvm/versions/node/v22.13.0/lib/node_modules/wrangler/node_modules/@esbuild/linux-ppc64
599 silly reify mark deleted [
599 silly reify   '/home/ubuntu/.nvm/versions/node/v22.13.0/lib/node_modules/wrangler/node_modules/@esbuild/linux-ppc64'
599 silly reify ]
600 verbose reify failed optional dependency /home/ubuntu/.nvm/versions/node/v22.13.0/lib/node_modules/wrangler/node_modules/@esbuild/linux-mips64el
601 silly reify mark deleted [
601 silly reify   '/home/ubuntu/.nvm/versions/node/v22.13.0/lib/node_modules/wrangler/node_modules/@esbuild/linux-mips64el'
601 silly reify ]
602 verbose reify failed optional dependency /home/ubuntu/.nvm/versions/node/v22.13.0/lib/node_modules/wrangler/node_modules/@esbuild/linux-loong64
603 silly reify mark deleted [
603 silly reify   '/home/ubuntu/.nvm/versions/node/v22.13.0/lib/node_modules/wrangler/node_modules/@esbuild/linux-loong64'
603 silly reify ]
604 verbose reify failed optional dependency /home/ubuntu/.nvm/versions/node/v22.13.0/lib/node_modules/wrangler/node_modules/@esbuild/linux-ia32
605 silly reify mark deleted [
605 silly reify   '/home/ubuntu/.nvm/versions/node/v22.13.0/lib/node_modules/wrangler/node_modules/@esbuild/linux-ia32'
605 silly reify ]
606 verbose reify failed optional dependency /home/ubuntu/.nvm/versions/node/v22.13.0/lib/node_modules/wrangler/node_modules/@esbuild/linux-arm64
607 silly reify mark deleted [
607 silly reify   '/home/ubuntu/.nvm/versions/node/v22.13.0/lib/node_modules/wrangler/node_modules/@esbuild/linux-arm64'
607 silly reify ]
608 verbose reify failed optional dependency /home/ubuntu/.nvm/versions/node/v22.13.0/lib/node_modules/wrangler/node_modules/@esbuild/linux-arm
609 silly reify mark deleted [
609 silly reify   '/home/ubuntu/.nvm/versions/node/v22.13.0/lib/node_modules/wrangler/node_modules/@esbuild/linux-arm'
609 silly reify ]
610 verbose reify failed optional dependency /home/ubuntu/.nvm/versions/node/v22.13.0/lib/node_modules/wrangler/node_modules/@esbuild/freebsd-x64
611 silly reify mark deleted [
611 silly reify   '/home/ubuntu/.nvm/versions/node/v22.13.0/lib/node_modules/wrangler/node_modules/@esbuild/freebsd-x64'
611 silly reify ]
612 verbose reify failed optional dependency /home/ubuntu/.nvm/versions/node/v22.13.0/lib/node_modules/wrangler/node_modules/@esbuild/freebsd-arm64
613 silly reify mark deleted [
613 silly reify   '/home/ubuntu/.nvm/versions/node/v22.13.0/lib/node_modules/wrangler/node_modules/@esbuild/freebsd-arm64'
613 silly reify ]
614 verbose reify failed optional dependency /home/ubuntu/.nvm/versions/node/v22.13.0/lib/node_modules/wrangler/node_modules/@esbuild/darwin-x64
615 silly reify mark deleted [
615 silly reify   '/home/ubuntu/.nvm/versions/node/v22.13.0/lib/node_modules/wrangler/node_modules/@esbuild/darwin-x64'
615 silly reify ]
616 verbose reify failed optional dependency /home/ubuntu/.nvm/versions/node/v22.13.0/lib/node_modules/wrangler/node_modules/@esbuild/darwin-arm64
617 silly reify mark deleted [
617 silly reify   '/home/ubuntu/.nvm/versions/node/v22.13.0/lib/node_modules/wrangler/node_modules/@esbuild/darwin-arm64'
617 silly reify ]
618 verbose reify failed optional dependency /home/ubuntu/.nvm/versions/node/v22.13.0/lib/node_modules/wrangler/node_modules/@esbuild/android-x64
619 silly reify mark deleted [
619 silly reify   '/home/ubuntu/.nvm/versions/node/v22.13.0/lib/node_modules/wrangler/node_modules/@esbuild/android-x64'
619 silly reify ]
620 verbose reify failed optional dependency /home/ubuntu/.nvm/versions/node/v22.13.0/lib/node_modules/wrangler/node_modules/@esbuild/android-arm64
621 silly reify mark deleted [
621 silly reify   '/home/ubuntu/.nvm/versions/node/v22.13.0/lib/node_modules/wrangler/node_modules/@esbuild/android-arm64'
621 silly reify ]
622 verbose reify failed optional dependency /home/ubuntu/.nvm/versions/node/v22.13.0/lib/node_modules/wrangler/node_modules/@esbuild/android-arm
623 silly reify mark deleted [
623 silly reify   '/home/ubuntu/.nvm/versions/node/v22.13.0/lib/node_modules/wrangler/node_modules/@esbuild/android-arm'
623 silly reify ]
624 verbose reify failed optional dependency /home/ubuntu/.nvm/versions/node/v22.13.0/lib/node_modules/wrangler/node_modules/@esbuild/aix-ppc64
625 silly reify mark deleted [
625 silly reify   '/home/ubuntu/.nvm/versions/node/v22.13.0/lib/node_modules/wrangler/node_modules/@esbuild/aix-ppc64'
625 silly reify ]
626 verbose reify failed optional dependency /home/ubuntu/.nvm/versions/node/v22.13.0/lib/node_modules/wrangler/node_modules/fsevents
627 silly reify mark deleted [
627 silly reify   '/home/ubuntu/.nvm/versions/node/v22.13.0/lib/node_modules/wrangler/node_modules/fsevents'
627 silly reify ]
628 http cache wrangler@https://registry.npmjs.org/wrangler/-/wrangler-4.25.0.tgz 0ms (cache hit)
629 http cache pnpm@https://registry.npmjs.org/pnpm/-/pnpm-10.13.1.tgz 0ms (cache hit)
630 http cache yarn@https://registry.npmjs.org/yarn/-/yarn-1.22.22.tgz 0ms (cache hit)
631 http cache error-stack-parser-es@https://registry.npmjs.org/error-stack-parser-es/-/error-stack-parser-es-1.0.5.tgz 0ms (cache hit)
632 http cache @poppinss/exception@https://registry.npmjs.org/@poppinss/exception/-/exception-1.2.2.tgz 0ms (cache hit)
633 http cache supports-color@https://registry.npmjs.org/supports-color/-/supports-color-10.0.0.tgz 0ms (cache hit)
634 http cache @sindresorhus/is@https://registry.npmjs.org/@sindresorhus/is/-/is-7.0.2.tgz 0ms (cache hit)
635 http cache kleur@https://registry.npmjs.org/kleur/-/kleur-4.1.5.tgz 0ms (cache hit)
636 http cache youch-core@https://registry.npmjs.org/youch-core/-/youch-core-0.3.3.tgz 0ms (cache hit)
637 http cache cookie@https://registry.npmjs.org/cookie/-/cookie-1.0.2.tgz 0ms (cache hit)
638 http cache @speed-highlight/core@https://registry.npmjs.org/@speed-highlight/core/-/core-1.2.7.tgz 0ms (cache hit)
639 http cache @poppinss/dumper@https://registry.npmjs.org/@poppinss/dumper/-/dumper-0.6.4.tgz 0ms (cache hit)
640 http cache @cloudflare/workerd-linux-64@https://registry.npmjs.org/@cloudflare/workerd-linux-64/-/workerd-linux-64-1.20250712.0.tgz 0ms (cache hit)
641 http cache @poppinss/colors@https://registry.npmjs.org/@poppinss/colors/-/colors-4.1.5.tgz 0ms (cache hit)
642 http cache ufo@https://registry.npmjs.org/ufo/-/ufo-1.6.1.tgz 0ms (cache hit)
643 http cache pathe@https://registry.npmjs.org/pathe/-/pathe-2.0.3.tgz 0ms (cache hit)
644 http cache ohash@https://registry.npmjs.org/ohash/-/ohash-2.0.11.tgz 0ms (cache hit)
645 http cache defu@https://registry.npmjs.org/defu/-/defu-6.1.4.tgz 0ms (cache hit)
646 http cache is-arrayish@https://registry.npmjs.org/is-arrayish/-/is-arrayish-0.3.2.tgz 0ms (cache hit)
647 http cache simple-swizzle@https://registry.npmjs.org/simple-swizzle/-/simple-swizzle-0.2.2.tgz 0ms (cache hit)
648 http cache color-name@https://registry.npmjs.org/color-name/-/color-name-1.1.4.tgz 0ms (cache hit)
649 http cache color-string@https://registry.npmjs.org/color-string/-/color-string-1.9.1.tgz 0ms (cache hit)
650 http cache exsolve@https://registry.npmjs.org/exsolve/-/exsolve-1.0.7.tgz 0ms (cache hit)
651 http cache color-convert@https://registry.npmjs.org/color-convert/-/color-convert-2.0.1.tgz 0ms (cache hit)
652 http cache tslib@https://registry.npmjs.org/tslib/-/tslib-2.8.1.tgz 0ms (cache hit)
653 http cache @emnapi/runtime@https://registry.npmjs.org/@emnapi/runtime/-/runtime-1.4.4.tgz 0ms (cache hit)
654 http cache semver@https://registry.npmjs.org/semver/-/semver-7.7.2.tgz 0ms (cache hit)
655 http cache detect-libc@https://registry.npmjs.org/detect-libc/-/detect-libc-2.0.4.tgz 0ms (cache hit)
656 http cache color@https://registry.npmjs.org/color/-/color-4.2.3.tgz 0ms (cache hit)
657 http cache @img/sharp-linux-x64@https://registry.npmjs.org/@img/sharp-linux-x64/-/sharp-linux-x64-0.33.5.tgz 0ms (cache hit)
658 http cache @img/sharp-libvips-linux-x64@https://registry.npmjs.org/@img/sharp-libvips-linux-x64/-/sharp-libvips-linux-x64-1.0.4.tgz 0ms (cache hit)
659 http cache @jridgewell/sourcemap-codec@https://registry.npmjs.org/@jridgewell/sourcemap-codec/-/sourcemap-codec-1.5.4.tgz 0ms (cache hit)
660 http cache @jridgewell/resolve-uri@https://registry.npmjs.org/@jridgewell/resolve-uri/-/resolve-uri-3.1.2.tgz 0ms (cache hit)
661 http cache @jridgewell/trace-mapping@https://registry.npmjs.org/@jridgewell/trace-mapping/-/trace-mapping-0.3.9.tgz 0ms (cache hit)
662 http cache zod@https://registry.npmjs.org/zod/-/zod-3.22.3.tgz 0ms (cache hit)
663 http cache youch@https://registry.npmjs.org/youch/-/youch-4.1.0-beta.10.tgz 0ms (cache hit)
664 http cache ws@https://registry.npmjs.org/ws/-/ws-8.18.0.tgz 0ms (cache hit)
665 http cache undici@https://registry.npmjs.org/undici/-/undici-7.11.0.tgz 0ms (cache hit)
666 http cache stoppable@https://registry.npmjs.org/stoppable/-/stoppable-1.1.0.tgz 0ms (cache hit)
667 http cache sharp@https://registry.npmjs.org/sharp/-/sharp-0.33.5.tgz 0ms (cache hit)
668 http cache glob-to-regexp@https://registry.npmjs.org/glob-to-regexp/-/glob-to-regexp-0.4.1.tgz 0ms (cache hit)
669 http cache exit-hook@https://registry.npmjs.org/exit-hook/-/exit-hook-2.2.1.tgz 0ms (cache hit)
670 http cache acorn-walk@https://registry.npmjs.org/acorn-walk/-/acorn-walk-8.3.2.tgz 0ms (cache hit)
671 http cache acorn@https://registry.npmjs.org/acorn/-/acorn-8.14.0.tgz 0ms (cache hit)
672 http cache @cspotcode/source-map-support@https://registry.npmjs.org/@cspotcode/source-map-support/-/source-map-support-0.8.1.tgz 0ms (cache hit)
673 http cache @esbuild/linux-x64@https://registry.npmjs.org/@esbuild/linux-x64/-/linux-x64-0.25.4.tgz 0ms (cache hit)
674 http cache mime@https://registry.npmjs.org/mime/-/mime-3.0.0.tgz 0ms (cache hit)
675 http cache workerd@https://registry.npmjs.org/workerd/-/workerd-1.20250712.0.tgz 0ms (cache hit)
676 http cache path-to-regexp@https://registry.npmjs.org/path-to-regexp/-/path-to-regexp-6.3.0.tgz 0ms (cache hit)
677 http cache miniflare@https://registry.npmjs.org/miniflare/-/miniflare-4.20250712.0.tgz 0ms (cache hit)
678 http cache esbuild@https://registry.npmjs.org/esbuild/-/esbuild-0.25.4.tgz 0ms (cache hit)
679 http cache blake3-wasm@https://registry.npmjs.org/blake3-wasm/-/blake3-wasm-2.1.5.tgz 0ms (cache hit)
680 http cache unenv@https://registry.npmjs.org/unenv/-/unenv-2.0.0-rc.17.tgz 0ms (cache hit)
681 http cache @cloudflare/unenv-preset@https://registry.npmjs.org/@cloudflare/unenv-preset/-/unenv-preset-2.3.3.tgz 0ms (cache hit)
682 http cache @cloudflare/kv-asset-handler@https://registry.npmjs.org/@cloudflare/kv-asset-handler/-/kv-asset-handler-0.4.0.tgz 0ms (cache hit)
683 silly tarball no local data for wrangler@https://registry.npmjs.org/wrangler/-/wrangler-4.25.0.tgz. Extracting by manifest.
684 silly tarball no local data for pnpm@https://registry.npmjs.org/pnpm/-/pnpm-10.13.1.tgz. Extracting by manifest.
685 silly tarball no local data for yarn@https://registry.npmjs.org/yarn/-/yarn-1.22.22.tgz. Extracting by manifest.
686 silly tarball no local data for error-stack-parser-es@https://registry.npmjs.org/error-stack-parser-es/-/error-stack-parser-es-1.0.5.tgz. Extracting by manifest.
687 silly tarball no local data for @poppinss/exception@https://registry.npmjs.org/@poppinss/exception/-/exception-1.2.2.tgz. Extracting by manifest.
688 silly tarball no local data for supports-color@https://registry.npmjs.org/supports-color/-/supports-color-10.0.0.tgz. Extracting by manifest.
689 silly tarball no local data for @sindresorhus/is@https://registry.npmjs.org/@sindresorhus/is/-/is-7.0.2.tgz. Extracting by manifest.
690 silly tarball no local data for kleur@https://registry.npmjs.org/kleur/-/kleur-4.1.5.tgz. Extracting by manifest.
691 silly tarball no local data for youch-core@https://registry.npmjs.org/youch-core/-/youch-core-0.3.3.tgz. Extracting by manifest.
692 silly tarball no local data for cookie@https://registry.npmjs.org/cookie/-/cookie-1.0.2.tgz. Extracting by manifest.
693 silly tarball no local data for @speed-highlight/core@https://registry.npmjs.org/@speed-highlight/core/-/core-1.2.7.tgz. Extracting by manifest.
694 silly tarball no local data for @poppinss/dumper@https://registry.npmjs.org/@poppinss/dumper/-/dumper-0.6.4.tgz. Extracting by manifest.
695 silly tarball no local data for @cloudflare/workerd-linux-64@https://registry.npmjs.org/@cloudflare/workerd-linux-64/-/workerd-linux-64-1.20250712.0.tgz. Extracting by manifest.
696 silly tarball no local data for @poppinss/colors@https://registry.npmjs.org/@poppinss/colors/-/colors-4.1.5.tgz. Extracting by manifest.
697 silly tarball no local data for ufo@https://registry.npmjs.org/ufo/-/ufo-1.6.1.tgz. Extracting by manifest.
698 silly tarball no local data for pathe@https://registry.npmjs.org/pathe/-/pathe-2.0.3.tgz. Extracting by manifest.
699 silly tarball no local data for ohash@https://registry.npmjs.org/ohash/-/ohash-2.0.11.tgz. Extracting by manifest.
700 silly tarball no local data for defu@https://registry.npmjs.org/defu/-/defu-6.1.4.tgz. Extracting by manifest.
701 silly tarball no local data for is-arrayish@https://registry.npmjs.org/is-arrayish/-/is-arrayish-0.3.2.tgz. Extracting by manifest.
702 silly tarball no local data for simple-swizzle@https://registry.npmjs.org/simple-swizzle/-/simple-swizzle-0.2.2.tgz. Extracting by manifest.
703 silly tarball no local data for color-name@https://registry.npmjs.org/color-name/-/color-name-1.1.4.tgz. Extracting by manifest.
704 silly tarball no local data for color-string@https://registry.npmjs.org/color-string/-/color-string-1.9.1.tgz. Extracting by manifest.
705 silly tarball no local data for exsolve@https://registry.npmjs.org/exsolve/-/exsolve-1.0.7.tgz. Extracting by manifest.
706 silly tarball no local data for color-convert@https://registry.npmjs.org/color-convert/-/color-convert-2.0.1.tgz. Extracting by manifest.
707 silly tarball no local data for tslib@https://registry.npmjs.org/tslib/-/tslib-2.8.1.tgz. Extracting by manifest.
708 silly tarball no local data for @emnapi/runtime@https://registry.npmjs.org/@emnapi/runtime/-/runtime-1.4.4.tgz. Extracting by manifest.
709 silly tarball no local data for semver@https://registry.npmjs.org/semver/-/semver-7.7.2.tgz. Extracting by manifest.
710 silly tarball no local data for detect-libc@https://registry.npmjs.org/detect-libc/-/detect-libc-2.0.4.tgz. Extracting by manifest.
711 silly tarball no local data for color@https://registry.npmjs.org/color/-/color-4.2.3.tgz. Extracting by manifest.
712 silly tarball no local data for @img/sharp-linux-x64@https://registry.npmjs.org/@img/sharp-linux-x64/-/sharp-linux-x64-0.33.5.tgz. Extracting by manifest.
713 silly tarball no local data for @img/sharp-libvips-linux-x64@https://registry.npmjs.org/@img/sharp-libvips-linux-x64/-/sharp-libvips-linux-x64-1.0.4.tgz. Extracting by manifest.
714 silly tarball no local data for @jridgewell/sourcemap-codec@https://registry.npmjs.org/@jridgewell/sourcemap-codec/-/sourcemap-codec-1.5.4.tgz. Extracting by manifest.
715 silly tarball no local data for @jridgewell/resolve-uri@https://registry.npmjs.org/@jridgewell/resolve-uri/-/resolve-uri-3.1.2.tgz. Extracting by manifest.
716 silly tarball no local data for @jridgewell/trace-mapping@https://registry.npmjs.org/@jridgewell/trace-mapping/-/trace-mapping-0.3.9.tgz. Extracting by manifest.
717 silly tarball no local data for zod@https://registry.npmjs.org/zod/-/zod-3.22.3.tgz. Extracting by manifest.
718 silly tarball no local data for youch@https://registry.npmjs.org/youch/-/youch-4.1.0-beta.10.tgz. Extracting by manifest.
719 silly tarball no local data for ws@https://registry.npmjs.org/ws/-/ws-8.18.0.tgz. Extracting by manifest.
720 silly tarball no local data for undici@https://registry.npmjs.org/undici/-/undici-7.11.0.tgz. Extracting by manifest.
721 silly tarball no local data for stoppable@https://registry.npmjs.org/stoppable/-/stoppable-1.1.0.tgz. Extracting by manifest.
722 silly tarball no local data for sharp@https://registry.npmjs.org/sharp/-/sharp-0.33.5.tgz. Extracting by manifest.
723 silly tarball no local data for glob-to-regexp@https://registry.npmjs.org/glob-to-regexp/-/glob-to-regexp-0.4.1.tgz. Extracting by manifest.
724 silly tarball no local data for exit-hook@https://registry.npmjs.org/exit-hook/-/exit-hook-2.2.1.tgz. Extracting by manifest.
725 silly tarball no local data for acorn-walk@https://registry.npmjs.org/acorn-walk/-/acorn-walk-8.3.2.tgz. Extracting by manifest.
726 silly tarball no local data for acorn@https://registry.npmjs.org/acorn/-/acorn-8.14.0.tgz. Extracting by manifest.
727 silly tarball no local data for @cspotcode/source-map-support@https://registry.npmjs.org/@cspotcode/source-map-support/-/source-map-support-0.8.1.tgz. Extracting by manifest.
728 silly tarball no local data for @esbuild/linux-x64@https://registry.npmjs.org/@esbuild/linux-x64/-/linux-x64-0.25.4.tgz. Extracting by manifest.
729 silly tarball no local data for mime@https://registry.npmjs.org/mime/-/mime-3.0.0.tgz. Extracting by manifest.
730 silly tarball no local data for workerd@https://registry.npmjs.org/workerd/-/workerd-1.20250712.0.tgz. Extracting by manifest.
731 silly tarball no local data for path-to-regexp@https://registry.npmjs.org/path-to-regexp/-/path-to-regexp-6.3.0.tgz. Extracting by manifest.
732 silly tarball no local data for miniflare@https://registry.npmjs.org/miniflare/-/miniflare-4.20250712.0.tgz. Extracting by manifest.
733 silly tarball no local data for esbuild@https://registry.npmjs.org/esbuild/-/esbuild-0.25.4.tgz. Extracting by manifest.
734 silly tarball no local data for blake3-wasm@https://registry.npmjs.org/blake3-wasm/-/blake3-wasm-2.1.5.tgz. Extracting by manifest.
735 silly tarball no local data for unenv@https://registry.npmjs.org/unenv/-/unenv-2.0.0-rc.17.tgz. Extracting by manifest.
736 silly tarball no local data for @cloudflare/unenv-preset@https://registry.npmjs.org/@cloudflare/unenv-preset/-/unenv-preset-2.3.3.tgz. Extracting by manifest.
737 silly tarball no local data for @cloudflare/kv-asset-handler@https://registry.npmjs.org/@cloudflare/kv-asset-handler/-/kv-asset-handler-0.4.0.tgz. Extracting by manifest.
738 http fetch GET 200 https://registry.npmjs.org/supports-color/-/supports-color-10.0.0.tgz 162ms (cache miss)
739 http fetch GET 200 https://registry.npmjs.org/cookie/-/cookie-1.0.2.tgz 162ms (cache miss)
740 http fetch GET 200 https://registry.npmjs.org/error-stack-parser-es/-/error-stack-parser-es-1.0.5.tgz 169ms (cache miss)
741 http fetch GET 200 https://registry.npmjs.org/youch-core/-/youch-core-0.3.3.tgz 182ms (cache miss)
742 http fetch GET 200 https://registry.npmjs.org/@poppinss/exception/-/exception-1.2.2.tgz 184ms (cache miss)
743 http fetch GET 200 https://registry.npmjs.org/kleur/-/kleur-4.1.5.tgz 188ms (cache miss)
744 http fetch GET 200 https://registry.npmjs.org/ohash/-/ohash-2.0.11.tgz 192ms (cache miss)
745 http fetch GET 200 https://registry.npmjs.org/pathe/-/pathe-2.0.3.tgz 198ms (cache miss)
746 http fetch GET 200 https://registry.npmjs.org/color-name/-/color-name-1.1.4.tgz 197ms (cache miss)
747 http fetch GET 200 https://registry.npmjs.org/color-convert/-/color-convert-2.0.1.tgz 197ms (cache miss)
748 http fetch GET 200 https://registry.npmjs.org/color/-/color-4.2.3.tgz 200ms (cache miss)
749 http fetch GET 200 https://registry.npmjs.org/ufo/-/ufo-1.6.1.tgz 206ms (cache miss)
750 http fetch GET 200 https://registry.npmjs.org/@sindresorhus/is/-/is-7.0.2.tgz 208ms (cache miss)
751 http fetch GET 200 https://registry.npmjs.org/defu/-/defu-6.1.4.tgz 206ms (cache miss)
752 http fetch GET 200 https://registry.npmjs.org/simple-swizzle/-/simple-swizzle-0.2.2.tgz 212ms (cache miss)
753 http fetch GET 200 https://registry.npmjs.org/@poppinss/colors/-/colors-4.1.5.tgz 213ms (cache miss)
754 http fetch GET 200 https://registry.npmjs.org/is-arrayish/-/is-arrayish-0.3.2.tgz 215ms (cache miss)
755 http fetch GET 200 https://registry.npmjs.org/color-string/-/color-string-1.9.1.tgz 216ms (cache miss)
756 http fetch GET 200 https://registry.npmjs.org/exsolve/-/exsolve-1.0.7.tgz 215ms (cache miss)
757 http fetch GET 200 https://registry.npmjs.org/detect-libc/-/detect-libc-2.0.4.tgz 218ms (cache miss)
758 http fetch GET 200 https://registry.npmjs.org/stoppable/-/stoppable-1.1.0.tgz 221ms (cache miss)
759 http fetch GET 200 https://registry.npmjs.org/@jridgewell/resolve-uri/-/resolve-uri-3.1.2.tgz 225ms (cache miss)
760 http fetch GET 200 https://registry.npmjs.org/tslib/-/tslib-2.8.1.tgz 226ms (cache miss)
761 http fetch GET 200 https://registry.npmjs.org/exit-hook/-/exit-hook-2.2.1.tgz 224ms (cache miss)
762 http fetch GET 200 https://registry.npmjs.org/glob-to-regexp/-/glob-to-regexp-0.4.1.tgz 226ms (cache miss)
763 http fetch GET 200 https://registry.npmjs.org/acorn-walk/-/acorn-walk-8.3.2.tgz 226ms (cache miss)
764 http fetch GET 200 https://registry.npmjs.org/mime/-/mime-3.0.0.tgz 234ms (cache miss)
765 http fetch GET 200 https://registry.npmjs.org/@cspotcode/source-map-support/-/source-map-support-0.8.1.tgz 237ms (cache miss)
766 http fetch GET 200 https://registry.npmjs.org/esbuild/-/esbuild-0.25.4.tgz 237ms (cache miss)
767 http fetch GET 200 https://registry.npmjs.org/path-to-regexp/-/path-to-regexp-6.3.0.tgz 237ms (cache miss)
768 http fetch GET 200 https://registry.npmjs.org/@jridgewell/trace-mapping/-/trace-mapping-0.3.9.tgz 242ms (cache miss)
769 http fetch GET 200 https://registry.npmjs.org/@cloudflare/kv-asset-handler/-/kv-asset-handler-0.4.0.tgz 240ms (cache miss)
770 http fetch GET 200 https://registry.npmjs.org/@img/sharp-linux-x64/-/sharp-linux-x64-0.33.5.tgz 246ms (cache miss)
771 http fetch GET 200 https://registry.npmjs.org/ws/-/ws-8.18.0.tgz 245ms (cache miss)
772 http fetch GET 200 https://registry.npmjs.org/@cloudflare/unenv-preset/-/unenv-preset-2.3.3.tgz 247ms (cache miss)
773 http fetch GET 200 https://registry.npmjs.org/@jridgewell/sourcemap-codec/-/sourcemap-codec-1.5.4.tgz 254ms (cache miss)
774 http fetch GET 200 https://registry.npmjs.org/@poppinss/dumper/-/dumper-0.6.4.tgz 259ms (cache miss)
775 http fetch GET 200 https://registry.npmjs.org/@emnapi/runtime/-/runtime-1.4.4.tgz 260ms (cache miss)
776 http fetch GET 200 https://registry.npmjs.org/acorn/-/acorn-8.14.0.tgz 261ms (cache miss)
777 http fetch GET 200 https://registry.npmjs.org/semver/-/semver-7.7.2.tgz 274ms (cache miss)
778 http fetch GET 200 https://registry.npmjs.org/sharp/-/sharp-0.33.5.tgz 287ms (cache miss)
779 http fetch GET 200 https://registry.npmjs.org/zod/-/zod-3.22.3.tgz 296ms (cache miss)
780 http fetch GET 200 https://registry.npmjs.org/youch/-/youch-4.1.0-beta.10.tgz 308ms (cache miss)
781 http fetch GET 200 https://registry.npmjs.org/blake3-wasm/-/blake3-wasm-2.1.5.tgz 413ms (cache miss)
782 http fetch GET 200 https://registry.npmjs.org/@speed-highlight/core/-/core-1.2.7.tgz 422ms (cache miss)
783 http fetch GET 200 https://registry.npmjs.org/workerd/-/workerd-1.20250712.0.tgz 433ms (cache miss)
784 http fetch GET 200 https://registry.npmjs.org/yarn/-/yarn-1.22.22.tgz 465ms (cache miss)
785 http fetch GET 200 https://registry.npmjs.org/undici/-/undici-7.11.0.tgz 469ms (cache miss)
786 http fetch GET 200 https://registry.npmjs.org/miniflare/-/miniflare-4.20250712.0.tgz 491ms (cache miss)
787 http fetch GET 200 https://registry.npmjs.org/unenv/-/unenv-2.0.0-rc.17.tgz 546ms (cache miss)
788 http fetch GET 200 https://registry.npmjs.org/wrangler/-/wrangler-4.25.0.tgz 562ms (cache miss)
789 http fetch GET 200 https://registry.npmjs.org/@esbuild/linux-x64/-/linux-x64-0.25.4.tgz 582ms (cache miss)
790 http fetch GET 200 https://registry.npmjs.org/@img/sharp-libvips-linux-x64/-/sharp-libvips-linux-x64-1.0.4.tgz 644ms (cache miss)
791 http fetch GET 200 https://registry.npmjs.org/pnpm/-/pnpm-10.13.1.tgz 938ms (cache miss)
792 http fetch GET 200 https://registry.npmjs.org/@cloudflare/workerd-linux-64/-/workerd-linux-64-1.20250712.0.tgz 1131ms (cache miss)
793 info run yarn@1.22.22 preinstall node_modules/yarn :; (node ./preinstall.js > /dev/null 2>&1 || true)
794 info run yarn@1.22.22 preinstall { code: 0, signal: null }
795 info run sharp@0.33.5 install node_modules/wrangler/node_modules/sharp node install/check
796 info run sharp@0.33.5 install { code: 0, signal: null }
797 info run esbuild@0.25.4 postinstall node_modules/wrangler/node_modules/esbuild node install.js
798 info run workerd@1.20250712.0 postinstall node_modules/wrangler/node_modules/workerd node install.js
799 info run esbuild@0.25.4 postinstall { code: 0, signal: null }
800 info run workerd@1.20250712.0 postinstall { code: 0, signal: null }
801 silly ADD node_modules/yarn
802 silly ADD node_modules/wrangler
803 silly ADD node_modules/wrangler/node_modules/error-stack-parser-es
804 silly ADD node_modules/wrangler/node_modules/@poppinss/exception
805 silly ADD node_modules/wrangler/node_modules/supports-color
806 silly ADD node_modules/wrangler/node_modules/@sindresorhus/is
807 silly ADD node_modules/wrangler/node_modules/kleur
808 silly ADD node_modules/wrangler/node_modules/youch-core
809 silly ADD node_modules/wrangler/node_modules/cookie
810 silly ADD node_modules/wrangler/node_modules/@speed-highlight/core
811 silly ADD node_modules/wrangler/node_modules/@poppinss/dumper
812 silly ADD node_modules/wrangler/node_modules/@poppinss/colors
813 silly ADD
814 silly ADD
815 silly ADD node_modules/wrangler/node_modules/@cloudflare/workerd-linux-64
816 silly ADD
817 silly ADD
818 silly ADD node_modules/wrangler/node_modules/ufo
819 silly ADD node_modules/wrangler/node_modules/pathe
820 silly ADD node_modules/wrangler/node_modules/ohash
821 silly ADD node_modules/wrangler/node_modules/exsolve
822 silly ADD node_modules/wrangler/node_modules/defu
823 silly ADD node_modules/wrangler/node_modules/is-arrayish
824 silly ADD node_modules/wrangler/node_modules/simple-swizzle
825 silly ADD node_modules/wrangler/node_modules/color-name
826 silly ADD node_modules/wrangler/node_modules/color-string
827 silly ADD node_modules/wrangler/node_modules/color-convert
828 silly ADD
829 silly ADD
830 silly ADD node_modules/wrangler/node_modules/semver
831 silly ADD node_modules/wrangler/node_modules/detect-libc
832 silly ADD node_modules/wrangler/node_modules/color
833 silly ADD
834 silly ADD
835 silly ADD
836 silly ADD
837 silly ADD
838 silly ADD node_modules/wrangler/node_modules/@img/sharp-linux-x64
839 silly ADD
840 silly ADD
841 silly ADD
842 silly ADD
843 silly ADD
844 silly ADD node_modules/wrangler/node_modules/@img/sharp-libvips-linux-x64
845 silly ADD
846 silly ADD
847 silly ADD
848 silly ADD
849 silly ADD
850 silly ADD
851 silly ADD
852 silly ADD node_modules/wrangler/node_modules/@jridgewell/sourcemap-codec
853 silly ADD node_modules/wrangler/node_modules/@jridgewell/resolve-uri
854 silly ADD node_modules/wrangler/node_modules/@jridgewell/trace-mapping
855 silly ADD node_modules/wrangler/node_modules/zod
856 silly ADD node_modules/wrangler/node_modules/youch
857 silly ADD node_modules/wrangler/node_modules/ws
858 silly ADD node_modules/wrangler/node_modules/undici
859 silly ADD node_modules/wrangler/node_modules/stoppable
860 silly ADD node_modules/wrangler/node_modules/sharp
861 silly ADD node_modules/wrangler/node_modules/glob-to-regexp
862 silly ADD node_modules/wrangler/node_modules/exit-hook
863 silly ADD node_modules/wrangler/node_modules/acorn-walk
864 silly ADD node_modules/wrangler/node_modules/acorn
865 silly ADD node_modules/wrangler/node_modules/@cspotcode/source-map-support
866 silly ADD
867 silly ADD
868 silly ADD
869 silly ADD
870 silly ADD
871 silly ADD
872 silly ADD
873 silly ADD
874 silly ADD node_modules/wrangler/node_modules/@esbuild/linux-x64
875 silly ADD
876 silly ADD
877 silly ADD
878 silly ADD
879 silly ADD
880 silly ADD
881 silly ADD
882 silly ADD
883 silly ADD
884 silly ADD
885 silly ADD
886 silly ADD
887 silly ADD
888 silly ADD
889 silly ADD
890 silly ADD
891 silly ADD node_modules/wrangler/node_modules/mime
892 silly ADD node_modules/wrangler/node_modules/workerd
893 silly ADD node_modules/wrangler/node_modules/path-to-regexp
894 silly ADD node_modules/wrangler/node_modules/miniflare
895 silly ADD
896 silly ADD node_modules/wrangler/node_modules/esbuild
897 silly ADD node_modules/wrangler/node_modules/blake3-wasm
898 silly ADD node_modules/wrangler/node_modules/unenv
899 silly ADD node_modules/wrangler/node_modules/@cloudflare/unenv-preset
900 silly ADD node_modules/wrangler/node_modules/@cloudflare/kv-asset-handler
901 silly ADD node_modules/pnpm
902 verbose cwd /home/ubuntu
903 verbose os Linux 6.8.0-1029-aws
904 verbose node v22.13.0
905 verbose npm  v10.9.2
906 notice
906 notice New major version of npm available! 10.9.2 -> 11.4.2
906 notice Changelog: https://github.com/npm/cli/releases/tag/v11.4.2
906 notice To update run: npm install -g npm@11.4.2
906 notice  { force: true, [Symbol(proc-log.meta)]: true }
907 verbose exit 0
908 info ok
